============================================================
  Generated by:           Genus(TM) Synthesis Solution 21.18-s082_1
  Generated on:           Mar 09 2026  04:25:09 am
  Module:                 ibex_core
  Technology libraries:   slow_vdd1v2 1.0
                          slow_vdd1v2 1.0
  Operating conditions:   PVT_1P08V_125C (balanced_tree)
  Wireload mode:          enclosed
  Area mode:              timing library
============================================================

                                
  Gate    Instances     Area        Library    
-----------------------------------------------
AND2X1        27338   37398.384    slow_vdd1v2 
BUFX2           965    1650.150    slow_vdd1v2 
DFFRHQX1       1880   11573.280    slow_vdd1v2 
INVX1          8881    6074.604    slow_vdd1v2 
OR2X1         27338   37398.384    slow_vdd1v2 
XOR2X1        30502   83453.472    slow_vdd1v2 
-----------------------------------------------
total         96904  177548.274                


                                           
     Type      Instances    Area    Area % 
-------------------------------------------
sequential          1880  11573.280    6.5 
inverter            8881   6074.604    3.4 
buffer               965   1650.150    0.9 
logic              85178 158250.240   89.1 
physical_cells         0      0.000    0.0 
-------------------------------------------
total              96904 177548.274  100.0 

