============================================================
  Generated by:           Genus(TM) Synthesis Solution 21.18-s082_1
  Generated on:           Mar 09 2026  05:17:49 am
  Module:                 ibex_top
  Operating conditions:   PVT_1P08V_125C (balanced_tree)
  Wireload mode:          enclosed
  Area mode:              timing library
============================================================

Timing
-------
  Cost    Critical         Violating 
 Group   Path Slack  TNS     Paths   
-------------------------------------
default     20500.5   0.0          0 
-------------------------------------
Total                 0.0          0 

Instance Count
--------------
Leaf Instance Count             99917 
Physical Instance count             0 
Sequential Instance Count        2874 
Combinational Instance Count    97043 
Hierarchical Instance Count     16254 

Area
----
Cell Area                          189900.288
Physical Cell Area                 0.000
Total Cell Area (Cell+Physical)    189900.288
Net Area                           0.000
Total Area (Cell+Physical+Net)     189900.288

Max Fanout                         2873 (clk)
Min Fanout                         0 (core_busy_d[1])
Average Fanout                     1.9
Terms to net ratio                 2.9655
Terms to instance ratio            2.9757
Runtime                            673.7807729999995 seconds
Elapsed Runtime                    671 seconds
Genus peak memory usage            2329.19 
Innovus peak memory usage          no_value 
Hostname                           net1580.net.ucf.edu
