============================================================
  Generated by:           Genus(TM) Synthesis Solution 21.18-s082_1
  Generated on:           Mar 09 2026  05:17:41 am
  Module:                 ibex_top
  Operating conditions:   PVT_1P08V_125C (balanced_tree)
  Wireload mode:          enclosed
  Area mode:              timing library
============================================================


Path 1: MET (20500 ps) Path Delay Check
     Startpoint: (F) randbits[0]
       Endpoint: (F) instr_addr_o[31]

                   Capture    Launch  
      Path Delay:+   32000         -  
      Drv Adjust:+       0         0  
         Arrival:=   32000            
                                      
   Required Time:=   32000            
       Data Path:-   11500            
           Slack:=   20500            

Exceptions/Constraints:
  max_delay            32000            ibex_constraints.sdc_line_58 

#---------------------------------------------------------------------------------------------------------------------------------------------------------------
#                                     Timing Point                                       Flags   Arc   Edge   Cell     Fanout Load Trans Delay Arrival Instance 
#                                                                                                                             (fF)  (ps)  (ps)   (ps)  Location 
#---------------------------------------------------------------------------------------------------------------------------------------------------------------
  randbits[0]                                                                            -       -     F     (arrival)    181 63.0     0     0       0    (-,-) 
  u_ibex_core/g2291/Y                                                                    -       A->Y  R     INVX1         15  6.3    84    50      50    (-,-) 
  u_ibex_core/g2445/Y                                                                    -       A->Y  F     XNOR2X1       16  3.2    57   145     196    (-,-) 
  u_ibex_core/u_masked/id_stage_i/g4285/cmo_and0/Y                                       (p)     B->Y  F     AND2XL         1  0.2    13    44     240    (-,-) 
  u_ibex_core/u_masked/id_stage_i/g4285/cmo_xor0/Y                                       (p)     A->Y  R     XOR2XL         2  0.4    17    94     334    (-,-) 
  u_ibex_core/u_masked/id_stage_i/g4071/cmo_and0/Y                                       (p)     A->Y  R     AND2XL         1  0.2    12    58     392    (-,-) 
  u_ibex_core/u_masked/id_stage_i/g4071/cmo_xor0/Y                                       (p)     A->Y  F     CLKXOR2X2    137 28.0   223   230     622    (-,-) 
  u_ibex_core/u_masked/ex_block_i/alu_i/g5564/cmo_inv0/Y                                 (p)     A->Y  R     INVX1          2  0.4    40   106     728    (-,-) 
  u_ibex_core/u_masked/ex_block_i/alu_i/g5339/cmo_and0/Y                                 (p)     B->Y  R     AND2XL         1  0.2    12    60     789    (-,-) 
  u_ibex_core/u_masked/ex_block_i/alu_i/g5339/cmo_xor0/Y                                 (p)     A->Y  F     XOR2XL         2  0.4    19    93     882    (-,-) 
  u_ibex_core/u_masked/ex_block_i/alu_i/g5275/cmo_and0/Y                                 (p)     B->Y  F     AND2XL         1  0.2    13    34     916    (-,-) 
  u_ibex_core/u_masked/ex_block_i/alu_i/g5275/cmo_xor0/Y                                 (p)     A->Y  R     XOR2XL         2  0.4    17    94    1010    (-,-) 
  u_ibex_core/u_masked/ex_block_i/alu_i/g5245/cmo_and0/Y                                 (p)     A->Y  R     AND2XL         1  0.2    12    58    1068    (-,-) 
  u_ibex_core/u_masked/ex_block_i/alu_i/g5245/cmo_xor0/Y                                 (p)     A->Y  F     XOR2XL         4  0.8    30    99    1166    (-,-) 
  u_ibex_core/u_masked/ex_block_i/alu_i/add_105_53_g2216/cmo_or1/Y                       (p)     B->Y  F     OR2XL          1  0.2    13    52    1219    (-,-) 
  u_ibex_core/u_masked/ex_block_i/alu_i/add_105_53_g2216/cmo_xor1/Y                      (p)     A->Y  R     XOR2XL         3  0.8    26    99    1318    (-,-) 
  u_ibex_core/u_masked/ex_block_i/alu_i/add_105_53_g2152/cmo_and1/Y                      (p)     A->Y  R     AND2XL         1  0.2    12    61    1379    (-,-) 
  u_ibex_core/u_masked/ex_block_i/alu_i/add_105_53_g2152/cmo_xor1/Y                      (p)     A->Y  F     XOR2XL         2  0.4    19    93    1472    (-,-) 
  u_ibex_core/u_masked/ex_block_i/alu_i/add_105_53_g2151/cmo_or0/Y                       (p)     B->Y  F     OR2XL          1  0.4    18    52    1524    (-,-) 
  u_ibex_core/u_masked/ex_block_i/alu_i/add_105_53_g2151/cmo_xor0/Y                      (p)     B->Y  R     XOR2XL         3  0.9    28    69    1593    (-,-) 
  u_ibex_core/u_masked/ex_block_i/alu_i/add_105_53_g2149/cmo_and0/Y                      (p)     A->Y  R     AND2XL         1  0.2    12    62    1654    (-,-) 
  u_ibex_core/u_masked/ex_block_i/alu_i/add_105_53_g2149/cmo_xor0/Y                      (p)     A->Y  F     XOR2XL         2  0.4    19    93    1747    (-,-) 
  u_ibex_core/u_masked/ex_block_i/alu_i/add_105_53_g2147/cmo_or1/Y                       (p)     B->Y  F     OR2XL          1  0.2    13    49    1796    (-,-) 
  u_ibex_core/u_masked/ex_block_i/alu_i/add_105_53_g2147/cmo_xor1/Y                      (p)     A->Y  R     XOR2XL         3  0.9    28   101    1897    (-,-) 
  u_ibex_core/u_masked/ex_block_i/alu_i/add_105_53_g2146/cmo_and1/Y                      (p)     A->Y  R     AND2XL         1  0.2    12    62    1959    (-,-) 
  u_ibex_core/u_masked/ex_block_i/alu_i/add_105_53_g2146/cmo_xor1/Y                      (p)     A->Y  F     XOR2XL         2  0.4    19    93    2052    (-,-) 
  u_ibex_core/u_masked/ex_block_i/alu_i/add_105_53_g2144/cmo_or0/Y                       (p)     B->Y  F     OR2XL          1  0.4    18    52    2104    (-,-) 
  u_ibex_core/u_masked/ex_block_i/alu_i/add_105_53_g2144/cmo_xor0/Y                      (p)     B->Y  R     XOR2XL         3  0.9    28    69    2172    (-,-) 
  u_ibex_core/u_masked/ex_block_i/alu_i/add_105_53_g2143/cmo_and0/Y                      (p)     A->Y  R     AND2XL         1  0.2    12    62    2234    (-,-) 
  u_ibex_core/u_masked/ex_block_i/alu_i/add_105_53_g2143/cmo_xor0/Y                      (p)     A->Y  F     XOR2XL         2  0.4    19    93    2327    (-,-) 
  u_ibex_core/u_masked/ex_block_i/alu_i/add_105_53_g2141/cmo_or1/Y                       (p)     B->Y  F     OR2XL          1  0.2    13    49    2376    (-,-) 
  u_ibex_core/u_masked/ex_block_i/alu_i/add_105_53_g2141/cmo_xor1/Y                      (p)     A->Y  R     XOR2XL         3  0.9    28   101    2477    (-,-) 
  u_ibex_core/u_masked/ex_block_i/alu_i/add_105_53_g2140/cmo_and1/Y                      (p)     A->Y  R     AND2XL         1  0.2    12    62    2539    (-,-) 
  u_ibex_core/u_masked/ex_block_i/alu_i/add_105_53_g2140/cmo_xor1/Y                      (p)     A->Y  F     XOR2XL         2  0.4    19    93    2632    (-,-) 
  u_ibex_core/u_masked/ex_block_i/alu_i/add_105_53_g2138/cmo_or0/Y                       (p)     B->Y  F     OR2XL          1  0.4    18    52    2684    (-,-) 
  u_ibex_core/u_masked/ex_block_i/alu_i/add_105_53_g2138/cmo_xor0/Y                      (p)     B->Y  R     XOR2XL         3  0.9    28    69    2752    (-,-) 
  u_ibex_core/u_masked/ex_block_i/alu_i/add_105_53_g2137/cmo_and0/Y                      (p)     A->Y  R     AND2XL         1  0.2    12    62    2814    (-,-) 
  u_ibex_core/u_masked/ex_block_i/alu_i/add_105_53_g2137/cmo_xor0/Y                      (p)     A->Y  F     XOR2XL         2  0.4    19    93    2907    (-,-) 
  u_ibex_core/u_masked/ex_block_i/alu_i/add_105_53_g2135/cmo_or1/Y                       (p)     B->Y  F     OR2XL          1  0.2    13    49    2956    (-,-) 
  u_ibex_core/u_masked/ex_block_i/alu_i/add_105_53_g2135/cmo_xor1/Y                      (p)     A->Y  R     XOR2XL         3  0.9    28   101    3057    (-,-) 
  u_ibex_core/u_masked/ex_block_i/alu_i/add_105_53_g2134/cmo_and1/Y                      (p)     A->Y  R     AND2XL         1  0.2    12    62    3118    (-,-) 
  u_ibex_core/u_masked/ex_block_i/alu_i/add_105_53_g2134/cmo_xor1/Y                      (p)     A->Y  F     XOR2XL         2  0.4    19    93    3212    (-,-) 
  u_ibex_core/u_masked/ex_block_i/alu_i/add_105_53_g2132/cmo_or0/Y                       (p)     B->Y  F     OR2XL          1  0.4    18    52    3264    (-,-) 
  u_ibex_core/u_masked/ex_block_i/alu_i/add_105_53_g2132/cmo_xor0/Y                      (p)     B->Y  R     XOR2XL         3  0.9    28    69    3332    (-,-) 
  u_ibex_core/u_masked/ex_block_i/alu_i/add_105_53_g2131/cmo_and0/Y                      (p)     A->Y  R     AND2XL         1  0.2    12    62    3394    (-,-) 
  u_ibex_core/u_masked/ex_block_i/alu_i/add_105_53_g2131/cmo_xor0/Y                      (p)     A->Y  F     XOR2XL         2  0.4    19    93    3487    (-,-) 
  u_ibex_core/u_masked/ex_block_i/alu_i/add_105_53_g2129/cmo_or1/Y                       (p)     B->Y  F     OR2XL          1  0.2    13    49    3536    (-,-) 
  u_ibex_core/u_masked/ex_block_i/alu_i/add_105_53_g2129/cmo_xor1/Y                      (p)     A->Y  R     XOR2XL         3  0.9    28   101    3637    (-,-) 
  u_ibex_core/u_masked/ex_block_i/alu_i/add_105_53_g2128/cmo_and1/Y                      (p)     A->Y  R     AND2XL         1  0.2    12    62    3698    (-,-) 
  u_ibex_core/u_masked/ex_block_i/alu_i/add_105_53_g2128/cmo_xor1/Y                      (p)     A->Y  F     XOR2XL         2  0.4    19    93    3791    (-,-) 
  u_ibex_core/u_masked/ex_block_i/alu_i/add_105_53_g2126/cmo_or0/Y                       (p)     B->Y  F     OR2XL          1  0.4    18    52    3844    (-,-) 
  u_ibex_core/u_masked/ex_block_i/alu_i/add_105_53_g2126/cmo_xor0/Y                      (p)     B->Y  R     XOR2XL         3  0.9    28    69    3912    (-,-) 
  u_ibex_core/u_masked/ex_block_i/alu_i/add_105_53_g2125/cmo_and0/Y                      (p)     A->Y  R     AND2XL         1  0.2    12    62    3974    (-,-) 
  u_ibex_core/u_masked/ex_block_i/alu_i/add_105_53_g2125/cmo_xor0/Y                      (p)     A->Y  F     XOR2XL         2  0.4    19    93    4067    (-,-) 
  u_ibex_core/u_masked/ex_block_i/alu_i/add_105_53_g2123/cmo_or1/Y                       (p)     B->Y  F     OR2XL          1  0.2    13    49    4116    (-,-) 
  u_ibex_core/u_masked/ex_block_i/alu_i/add_105_53_g2123/cmo_xor1/Y                      (p)     A->Y  R     XOR2XL         3  0.9    28   101    4217    (-,-) 
  u_ibex_core/u_masked/ex_block_i/alu_i/add_105_53_g2122/cmo_and1/Y                      (p)     A->Y  R     AND2XL         1  0.2    12    62    4278    (-,-) 
  u_ibex_core/u_masked/ex_block_i/alu_i/add_105_53_g2122/cmo_xor1/Y                      (p)     A->Y  F     XOR2XL         2  0.4    19    93    4371    (-,-) 
  u_ibex_core/u_masked/ex_block_i/alu_i/add_105_53_g2120/cmo_or0/Y                       (p)     B->Y  F     OR2XL          1  0.4    18    52    4423    (-,-) 
  u_ibex_core/u_masked/ex_block_i/alu_i/add_105_53_g2120/cmo_xor0/Y                      (p)     B->Y  R     XOR2XL         3  0.9    28    69    4492    (-,-) 
  u_ibex_core/u_masked/ex_block_i/alu_i/add_105_53_g2119/cmo_and0/Y                      (p)     A->Y  R     AND2XL         1  0.2    12    62    4554    (-,-) 
  u_ibex_core/u_masked/ex_block_i/alu_i/add_105_53_g2119/cmo_xor0/Y                      (p)     A->Y  F     XOR2XL         2  0.4    19    93    4647    (-,-) 
  u_ibex_core/u_masked/ex_block_i/alu_i/add_105_53_g2117/cmo_or1/Y                       (p)     B->Y  F     OR2XL          1  0.2    13    49    4696    (-,-) 
  u_ibex_core/u_masked/ex_block_i/alu_i/add_105_53_g2117/cmo_xor1/Y                      (p)     A->Y  R     XOR2XL         3  0.9    28   101    4796    (-,-) 
  u_ibex_core/u_masked/ex_block_i/alu_i/add_105_53_g2116/cmo_and1/Y                      (p)     A->Y  R     AND2XL         1  0.2    12    62    4858    (-,-) 
  u_ibex_core/u_masked/ex_block_i/alu_i/add_105_53_g2116/cmo_xor1/Y                      (p)     A->Y  F     XOR2XL         2  0.4    19    93    4951    (-,-) 
  u_ibex_core/u_masked/ex_block_i/alu_i/add_105_53_g2114/cmo_or0/Y                       (p)     B->Y  F     OR2XL          1  0.4    18    52    5003    (-,-) 
  u_ibex_core/u_masked/ex_block_i/alu_i/add_105_53_g2114/cmo_xor0/Y                      (p)     B->Y  R     XOR2XL         3  0.9    28    69    5072    (-,-) 
  u_ibex_core/u_masked/ex_block_i/alu_i/add_105_53_g2113/cmo_and0/Y                      (p)     A->Y  R     AND2XL         1  0.2    12    62    5134    (-,-) 
  u_ibex_core/u_masked/ex_block_i/alu_i/add_105_53_g2113/cmo_xor0/Y                      (p)     A->Y  F     XOR2XL         2  0.4    19    93    5227    (-,-) 
  u_ibex_core/u_masked/ex_block_i/alu_i/add_105_53_g2111/cmo_or1/Y                       (p)     B->Y  F     OR2XL          1  0.2    13    49    5276    (-,-) 
  u_ibex_core/u_masked/ex_block_i/alu_i/add_105_53_g2111/cmo_xor1/Y                      (p)     A->Y  R     XOR2XL         3  0.9    28   101    5376    (-,-) 
  u_ibex_core/u_masked/ex_block_i/alu_i/add_105_53_g2110/cmo_and1/Y                      (p)     A->Y  R     AND2XL         1  0.2    12    62    5438    (-,-) 
  u_ibex_core/u_masked/ex_block_i/alu_i/add_105_53_g2110/cmo_xor1/Y                      (p)     A->Y  F     XOR2XL         2  0.4    19    93    5531    (-,-) 
  u_ibex_core/u_masked/ex_block_i/alu_i/add_105_53_g2108/cmo_or0/Y                       (p)     B->Y  F     OR2XL          1  0.4    18    52    5583    (-,-) 
  u_ibex_core/u_masked/ex_block_i/alu_i/add_105_53_g2108/cmo_xor0/Y                      (p)     B->Y  R     XOR2XL         3  0.9    28    69    5652    (-,-) 
  u_ibex_core/u_masked/ex_block_i/alu_i/add_105_53_g2107/cmo_and0/Y                      (p)     A->Y  R     AND2XL         1  0.2    12    62    5714    (-,-) 
  u_ibex_core/u_masked/ex_block_i/alu_i/add_105_53_g2107/cmo_xor0/Y                      (p)     A->Y  F     XOR2XL         2  0.4    19    93    5807    (-,-) 
  u_ibex_core/u_masked/ex_block_i/alu_i/add_105_53_g2105/cmo_or1/Y                       (p)     B->Y  F     OR2XL          1  0.2    13    49    5856    (-,-) 
  u_ibex_core/u_masked/ex_block_i/alu_i/add_105_53_g2105/cmo_xor1/Y                      (p)     A->Y  R     XOR2XL         3  0.9    28   101    5956    (-,-) 
  u_ibex_core/u_masked/ex_block_i/alu_i/add_105_53_g2104/cmo_and1/Y                      (p)     A->Y  R     AND2XL         1  0.2    12    62    6018    (-,-) 
  u_ibex_core/u_masked/ex_block_i/alu_i/add_105_53_g2104/cmo_xor1/Y                      (p)     A->Y  F     XOR2XL         2  0.4    19    93    6111    (-,-) 
  u_ibex_core/u_masked/ex_block_i/alu_i/add_105_53_g2102/cmo_or0/Y                       (p)     B->Y  F     OR2XL          1  0.4    18    52    6163    (-,-) 
  u_ibex_core/u_masked/ex_block_i/alu_i/add_105_53_g2102/cmo_xor0/Y                      (p)     B->Y  R     XOR2XL         3  0.9    28    69    6232    (-,-) 
  u_ibex_core/u_masked/ex_block_i/alu_i/add_105_53_g2101/cmo_and0/Y                      (p)     A->Y  R     AND2XL         1  0.2    12    62    6294    (-,-) 
  u_ibex_core/u_masked/ex_block_i/alu_i/add_105_53_g2101/cmo_xor0/Y                      (p)     A->Y  F     XOR2XL         2  0.4    19    93    6386    (-,-) 
  u_ibex_core/u_masked/ex_block_i/alu_i/add_105_53_g2099/cmo_or1/Y                       (p)     B->Y  F     OR2XL          1  0.2    13    49    6436    (-,-) 
  u_ibex_core/u_masked/ex_block_i/alu_i/add_105_53_g2099/cmo_xor1/Y                      (p)     A->Y  R     XOR2XL         3  0.9    28   101    6536    (-,-) 
  u_ibex_core/u_masked/ex_block_i/alu_i/add_105_53_g2098/cmo_and1/Y                      (p)     A->Y  R     AND2XL         1  0.2    12    62    6598    (-,-) 
  u_ibex_core/u_masked/ex_block_i/alu_i/add_105_53_g2098/cmo_xor1/Y                      (p)     A->Y  F     XOR2XL         2  0.4    19    93    6691    (-,-) 
  u_ibex_core/u_masked/ex_block_i/alu_i/add_105_53_g2096/cmo_or0/Y                       (p)     B->Y  F     OR2XL          1  0.4    18    52    6743    (-,-) 
  u_ibex_core/u_masked/ex_block_i/alu_i/add_105_53_g2096/cmo_xor0/Y                      (p)     B->Y  R     XOR2XL         3  0.9    28    69    6812    (-,-) 
  u_ibex_core/u_masked/ex_block_i/alu_i/add_105_53_g2095/cmo_and0/Y                      (p)     A->Y  R     AND2XL         1  0.2    12    62    6873    (-,-) 
  u_ibex_core/u_masked/ex_block_i/alu_i/add_105_53_g2095/cmo_xor0/Y                      (p)     A->Y  F     XOR2XL         2  0.4    19    93    6966    (-,-) 
  u_ibex_core/u_masked/ex_block_i/alu_i/add_105_53_g2093/cmo_or1/Y                       (p)     B->Y  F     OR2XL          1  0.2    13    49    7016    (-,-) 
  u_ibex_core/u_masked/ex_block_i/alu_i/add_105_53_g2093/cmo_xor1/Y                      (p)     A->Y  R     XOR2XL         3  0.9    28   101    7116    (-,-) 
  u_ibex_core/u_masked/ex_block_i/alu_i/add_105_53_g2092/cmo_and1/Y                      (p)     A->Y  R     AND2XL         1  0.2    12    62    7178    (-,-) 
  u_ibex_core/u_masked/ex_block_i/alu_i/add_105_53_g2092/cmo_xor1/Y                      (p)     A->Y  F     XOR2XL         2  0.4    19    93    7271    (-,-) 
  u_ibex_core/u_masked/ex_block_i/alu_i/add_105_53_g2090/cmo_or0/Y                       (p)     B->Y  F     OR2XL          1  0.4    18    52    7323    (-,-) 
  u_ibex_core/u_masked/ex_block_i/alu_i/add_105_53_g2090/cmo_xor0/Y                      (p)     B->Y  R     XOR2XL         3  0.9    28    69    7392    (-,-) 
  u_ibex_core/u_masked/ex_block_i/alu_i/add_105_53_g2089/cmo_and0/Y                      (p)     A->Y  R     AND2XL         1  0.2    12    62    7453    (-,-) 
  u_ibex_core/u_masked/ex_block_i/alu_i/add_105_53_g2089/cmo_xor0/Y                      (p)     A->Y  F     XOR2XL         2  0.4    19    93    7546    (-,-) 
  u_ibex_core/u_masked/ex_block_i/alu_i/add_105_53_g2087/cmo_or1/Y                       (p)     B->Y  F     OR2XL          1  0.2    13    49    7595    (-,-) 
  u_ibex_core/u_masked/ex_block_i/alu_i/add_105_53_g2087/cmo_xor1/Y                      (p)     A->Y  R     XOR2XL         3  0.9    28   101    7696    (-,-) 
  u_ibex_core/u_masked/ex_block_i/alu_i/add_105_53_g2086/cmo_and1/Y                      (p)     A->Y  R     AND2XL         1  0.2    12    62    7758    (-,-) 
  u_ibex_core/u_masked/ex_block_i/alu_i/add_105_53_g2086/cmo_xor1/Y                      (p)     A->Y  F     XOR2XL         2  0.4    19    93    7851    (-,-) 
  u_ibex_core/u_masked/ex_block_i/alu_i/add_105_53_g2084/cmo_or0/Y                       (p)     B->Y  F     OR2XL          1  0.4    18    52    7903    (-,-) 
  u_ibex_core/u_masked/ex_block_i/alu_i/add_105_53_g2084/cmo_xor0/Y                      (p)     B->Y  R     XOR2XL         3  0.9    28    69    7972    (-,-) 
  u_ibex_core/u_masked/ex_block_i/alu_i/add_105_53_g2083/cmo_and0/Y                      (p)     A->Y  R     AND2XL         1  0.2    12    62    8033    (-,-) 
  u_ibex_core/u_masked/ex_block_i/alu_i/add_105_53_g2083/cmo_xor0/Y                      (p)     A->Y  F     XOR2XL         2  0.4    19    93    8126    (-,-) 
  u_ibex_core/u_masked/ex_block_i/alu_i/add_105_53_g2081/cmo_or1/Y                       (p)     B->Y  F     OR2XL          1  0.2    13    49    8175    (-,-) 
  u_ibex_core/u_masked/ex_block_i/alu_i/add_105_53_g2081/cmo_xor1/Y                      (p)     A->Y  R     XOR2XL         3  0.9    28   101    8276    (-,-) 
  u_ibex_core/u_masked/ex_block_i/alu_i/add_105_53_g2080/cmo_and1/Y                      (p)     A->Y  R     AND2XL         1  0.2    12    62    8338    (-,-) 
  u_ibex_core/u_masked/ex_block_i/alu_i/add_105_53_g2080/cmo_xor1/Y                      (p)     A->Y  F     XOR2XL         2  0.4    19    93    8431    (-,-) 
  u_ibex_core/u_masked/ex_block_i/alu_i/add_105_53_g2078/cmo_or0/Y                       (p)     B->Y  F     OR2XL          1  0.4    18    52    8483    (-,-) 
  u_ibex_core/u_masked/ex_block_i/alu_i/add_105_53_g2078/cmo_xor0/Y                      (p)     B->Y  R     XOR2XL         3  0.9    28    69    8551    (-,-) 
  u_ibex_core/u_masked/ex_block_i/alu_i/add_105_53_g2077/cmo_and0/Y                      (p)     A->Y  R     AND2XL         1  0.2    12    62    8613    (-,-) 
  u_ibex_core/u_masked/ex_block_i/alu_i/add_105_53_g2077/cmo_xor0/Y                      (p)     A->Y  F     XOR2XL         2  0.4    19    93    8706    (-,-) 
  u_ibex_core/u_masked/ex_block_i/alu_i/add_105_53_g2075/cmo_or1/Y                       (p)     B->Y  F     OR2XL          1  0.2    13    49    8755    (-,-) 
  u_ibex_core/u_masked/ex_block_i/alu_i/add_105_53_g2075/cmo_xor1/Y                      (p)     A->Y  R     XOR2XL         3  0.9    28   101    8856    (-,-) 
  u_ibex_core/u_masked/ex_block_i/alu_i/add_105_53_g2074/cmo_and1/Y                      (p)     A->Y  R     AND2XL         1  0.2    12    62    8918    (-,-) 
  u_ibex_core/u_masked/ex_block_i/alu_i/add_105_53_g2074/cmo_xor1/Y                      (p)     A->Y  F     XOR2XL         2  0.4    19    93    9010    (-,-) 
  u_ibex_core/u_masked/ex_block_i/alu_i/add_105_53_g2072/cmo_or0/Y                       (p)     B->Y  F     OR2XL          1  0.4    18    52    9063    (-,-) 
  u_ibex_core/u_masked/ex_block_i/alu_i/add_105_53_g2072/cmo_xor0/Y                      (p)     B->Y  R     XOR2XL         3  0.9    28    69    9131    (-,-) 
  u_ibex_core/u_masked/ex_block_i/alu_i/add_105_53_g2071/cmo_and0/Y                      (p)     A->Y  R     AND2XL         1  0.2    12    62    9193    (-,-) 
  u_ibex_core/u_masked/ex_block_i/alu_i/add_105_53_g2071/cmo_xor0/Y                      (p)     A->Y  F     XOR2XL         2  0.4    19    93    9286    (-,-) 
  u_ibex_core/u_masked/ex_block_i/alu_i/add_105_53_g2069/cmo_or1/Y                       (p)     B->Y  F     OR2XL          1  0.2    13    49    9335    (-,-) 
  u_ibex_core/u_masked/ex_block_i/alu_i/add_105_53_g2069/cmo_xor1/Y                      (p)     A->Y  R     XOR2XL         3  0.9    28   101    9436    (-,-) 
  u_ibex_core/u_masked/ex_block_i/alu_i/add_105_53_g2068/cmo_and1/Y                      (p)     A->Y  R     AND2XL         1  0.2    12    62    9497    (-,-) 
  u_ibex_core/u_masked/ex_block_i/alu_i/add_105_53_g2068/cmo_xor1/Y                      (p)     A->Y  F     XOR2XL         2  0.4    19    93    9590    (-,-) 
  u_ibex_core/u_masked/ex_block_i/alu_i/add_105_53_g2066/cmo_or0/Y                       (p)     B->Y  F     OR2XL          1  0.4    18    52    9642    (-,-) 
  u_ibex_core/u_masked/ex_block_i/alu_i/add_105_53_g2066/cmo_xor0/Y                      (p)     B->Y  R     XOR2XL         3  0.9    28    69    9711    (-,-) 
  u_ibex_core/u_masked/ex_block_i/alu_i/add_105_53_g2065/cmo_and0/Y                      (p)     A->Y  R     AND2XL         1  0.2    12    62    9773    (-,-) 
  u_ibex_core/u_masked/ex_block_i/alu_i/add_105_53_g2065/cmo_xor0/Y                      (p)     A->Y  F     XOR2XL         2  0.4    19    93    9866    (-,-) 
  u_ibex_core/u_masked/ex_block_i/alu_i/add_105_53_g2063/cmo_or1/Y                       (p)     B->Y  F     OR2XL          1  0.2    13    49    9915    (-,-) 
  u_ibex_core/u_masked/ex_block_i/alu_i/add_105_53_g2063/cmo_xor1/Y                      (p)     A->Y  R     XOR2XL         3  0.9    28   101   10016    (-,-) 
  u_ibex_core/u_masked/ex_block_i/alu_i/add_105_53_g2062/cmo_and1/Y                      (p)     A->Y  R     AND2XL         1  0.2    12    62   10077    (-,-) 
  u_ibex_core/u_masked/ex_block_i/alu_i/add_105_53_g2062/cmo_xor1/Y                      (p)     A->Y  F     XOR2XL         2  0.4    19    93   10170    (-,-) 
  u_ibex_core/u_masked/ex_block_i/alu_i/add_105_53_g2060/cmo_or0/Y                       (p)     B->Y  F     OR2XL          1  0.4    18    52   10222    (-,-) 
  u_ibex_core/u_masked/ex_block_i/alu_i/add_105_53_g2060/cmo_xor0/Y                      (p)     B->Y  R     XOR2XL         1  0.5    19    64   10286    (-,-) 
  u_ibex_core/u_masked/ex_block_i/alu_i/add_105_53_g2059/cmo_xor0/Y                      (p)     B->Y  F     CLKXOR2X1     23  4.6    77   117   10403    (-,-) 
  u_ibex_core/u_masked/if_stage_i/g3111/cmo_and0/Y                                       (p)     A->Y  F     AND2XL         1  0.2    13    55   10458    (-,-) 
  u_ibex_core/u_masked/if_stage_i/g3111/cmo_xor0/Y                                       (p)     A->Y  R     XOR2XL         2  0.4    17    94   10552    (-,-) 
  u_ibex_core/u_masked/if_stage_i/g2957/cmo_and0/Y                                       (p)     B->Y  R     AND2XL         1  0.2    12    53   10605    (-,-) 
  u_ibex_core/u_masked/if_stage_i/g2957/cmo_xor0/Y                                       (p)     A->Y  F     XOR2XL         2  0.4    19    93   10698    (-,-) 
  u_ibex_core/u_masked/if_stage_i/g2883/cmo_or1/Y                                        (p)     B->Y  F     OR2XL          1  0.2    13    49   10747    (-,-) 
  u_ibex_core/u_masked/if_stage_i/g2883/cmo_xor1/Y                                       (p)     A->Y  R     XOR2XL         4  0.8    26    99   10846    (-,-) 
  u_ibex_core/u_masked/if_stage_i/gen_prefetch_buffer.prefetch_buffer_i/g2659/cmo_and1/Y (p)     A->Y  R     AND2XL         1  0.2    12    61   10907    (-,-) 
  u_ibex_core/u_masked/if_stage_i/gen_prefetch_buffer.prefetch_buffer_i/g2659/cmo_xor1/Y (p)     A->Y  F     XOR2XL         2  0.4    19    93   11000    (-,-) 
  u_ibex_core/u_masked/if_stage_i/gen_prefetch_buffer.prefetch_buffer_i/g2618/cmo_or0/Y  (p)     B->Y  F     OR2XL          1  0.4    18    52   11052    (-,-) 
  u_ibex_core/u_masked/if_stage_i/gen_prefetch_buffer.prefetch_buffer_i/g2618/cmo_xor0/Y (p)     B->Y  R     XOR2XL         3  0.9    28    69   11121    (-,-) 
  u_ibex_core/u_masked/if_stage_i/gen_prefetch_buffer.prefetch_buffer_i/g2579/cmo_and0/Y (p)     A->Y  R     AND2XL         1  0.2    12    62   11183    (-,-) 
  u_ibex_core/u_masked/if_stage_i/gen_prefetch_buffer.prefetch_buffer_i/g2579/cmo_xor0/Y (p)     A->Y  F     XOR2XL         2  0.4    19    93   11276    (-,-) 
  u_ibex_core/u_masked/if_stage_i/gen_prefetch_buffer.prefetch_buffer_i/g2571/cmo_or1/Y  (p)     B->Y  F     OR2XL          1  0.2    13    49   11325    (-,-) 
  u_ibex_core/u_masked/if_stage_i/gen_prefetch_buffer.prefetch_buffer_i/g2571/cmo_xor1/Y (p)     A->Y  R     XOR2XL         3  0.9    28   101   11425    (-,-) 
  u_ibex_core/g2653/Y                                                                    -       B->Y  F     XOR2XL         1  0.0     8    74   11500    (-,-) 
  instr_addr_o[31]                                                                       <<<     -     F     (port)         -    -     -     0   11500    (-,-) 
#---------------------------------------------------------------------------------------------------------------------------------------------------------------

(p) : Instance is preserved but may be resized

