============================================================
  Generated by:           Genus(TM) Synthesis Solution 21.18-s082_1
  Generated on:           Mar 19 2026  01:38:41 am
  Module:                 ibex_top
  Operating conditions:   PVT_0P9V_125C (balanced_tree)
  Wireload mode:          enclosed
  Area mode:              timing library
============================================================


Path 1: VIOLATED (-14153 ps) Setup Check with Pin u_ibex_core/u_masked/cs_registers_i/minstret_counter_i/counter_q_reg[63]/cmo_flop0/CK->D
          Group: CLK_GATED
     Startpoint: (R) u_ibex_core/u_masked/if_stage_i/instr_rdata_alu_id_o_reg[31]/cmo_flop0/CK
          Clock: (R) CLK_GATED
       Endpoint: (R) u_ibex_core/u_masked/cs_registers_i/minstret_counter_i/counter_q_reg[63]/cmo_flop0/D
          Clock: (R) CLK_GATED

                     Capture       Launch     
        Clock Edge:+   32000            0     
       Src Latency:+       0            0     
       Net Latency:+       0 (I)        0 (I) 
           Arrival:=   32000            0     
                                              
             Setup:-     121                  
     Required Time:=   31879                  
      Launch Clock:-       0                  
         Data Path:-   46032                  
             Slack:=  -14153                  

#---------------------------------------------------------------------------------------------------------------------------------------------------------------------
#                                        Timing Point                                          Flags   Arc   Edge   Cell     Fanout Load Trans Delay Arrival Instance 
#                                                                                                                                   (fF)  (ps)  (ps)   (ps)  Location 
#---------------------------------------------------------------------------------------------------------------------------------------------------------------------
  u_ibex_core/u_masked/if_stage_i/instr_rdata_alu_id_o_reg[31]/cmo_flop0/CK                    -       -     R     (arrival)   1881    -     0     0       0    (-,-) 
  u_ibex_core/u_masked/if_stage_i/instr_rdata_alu_id_o_reg[31]/cmo_flop0/Q                     (p)     CK->Q R     DFFRHQX4      34  7.1    65   279     279    (-,-) 
  u_ibex_core/u_masked/id_stage_i/decoder_i/g6718/cmo_and0/Y                                   (p)     A->Y  R     CLKAND2X3      1  0.2    18   112     391    (-,-) 
  u_ibex_core/u_masked/id_stage_i/decoder_i/g6718/cmo_xor0/Y                                   (p)     A->Y  F     XOR2XL         2  0.4    34   164     555    (-,-) 
  u_ibex_core/u_masked/id_stage_i/decoder_i/g6668/cmo_and0/Y                                   (p)     B->Y  F     AND2XL         1  0.2    23    61     616    (-,-) 
  u_ibex_core/u_masked/id_stage_i/decoder_i/g6668/cmo_xor0/Y                                   (p)     A->Y  R     XOR2XL         2  0.4    29   174     789    (-,-) 
  u_ibex_core/u_masked/id_stage_i/decoder_i/g6644/cmo_and0/Y                                   (p)     B->Y  R     AND2XL         1  0.2    20   101     890    (-,-) 
  u_ibex_core/u_masked/id_stage_i/decoder_i/g6644/cmo_xor0/Y                                   (p)     A->Y  F     CLKXOR2X1      8  1.6    58   191    1081    (-,-) 
  u_ibex_core/u_masked/id_stage_i/decoder_i/g6609/cmo_or1/Y                                    (p)     B->Y  F     OR2XL          1  0.2    24    98    1180    (-,-) 
  u_ibex_core/u_masked/id_stage_i/decoder_i/g6609/cmo_xor1/Y                                   (p)     A->Y  R     CLKXOR2X1     12  2.4    68   213    1392    (-,-) 
  u_ibex_core/u_masked/id_stage_i/decoder_i/g6594/cmo_and1/Y                                   (p)     A->Y  R     AND2XL         1  0.2    20   129    1521    (-,-) 
  u_ibex_core/u_masked/id_stage_i/decoder_i/g6594/cmo_xor1/Y                                   (p)     A->Y  R     XOR2XL         4  0.8    44   146    1668    (-,-) 
  u_ibex_core/u_masked/id_stage_i/decoder_i/g6548/cmo_and1/Y                                   (p)     A->Y  R     AND2XL         1  0.2    20   118    1785    (-,-) 
  u_ibex_core/u_masked/id_stage_i/decoder_i/g6548/cmo_xor1/Y                                   (p)     A->Y  F     XOR2XL         2  0.4    34   164    1949    (-,-) 
  u_ibex_core/u_masked/id_stage_i/decoder_i/g6504/cmo_or0/Y                                    (p)     B->Y  F     OR2XL          1  0.4    33    94    2043    (-,-) 
  u_ibex_core/u_masked/id_stage_i/decoder_i/g6504/cmo_xor0/Y                                   (p)     B->Y  R     XOR2XL         2  0.4    29   119    2162    (-,-) 
  u_ibex_core/u_masked/id_stage_i/decoder_i/g6484/cmo_and0/Y                                   (p)     A->Y  R     AND2XL         1  0.2    20   110    2272    (-,-) 
  u_ibex_core/u_masked/id_stage_i/decoder_i/g6484/cmo_xor0/Y                                   (p)     A->Y  F     XOR2XL         2  0.4    34   164    2437    (-,-) 
  u_ibex_core/u_masked/id_stage_i/decoder_i/g6467/cmo_and0/Y                                   (p)     B->Y  F     AND2XL         1  0.2    23    61    2498    (-,-) 
  u_ibex_core/u_masked/id_stage_i/decoder_i/g6467/cmo_xor0/Y                                   (p)     A->Y  R     XOR2XL         6  1.2    58   190    2687    (-,-) 
  u_ibex_core/u_masked/id_stage_i/decoder_i/g6443/cmo_and0/Y                                   (p)     B->Y  R     AND2XL         1  0.2    20   114    2801    (-,-) 
  u_ibex_core/u_masked/id_stage_i/decoder_i/g6443/cmo_xor0/Y                                   (p)     A->Y  F     CLKXOR2X1     21  4.9   139   235    3036    (-,-) 
  u_ibex_core/u_masked/ex_block_i/alu_i/g5547/cmo_inv0/Y                                       (p)     A->Y  R     INVX2          4  0.8    36    84    3121    (-,-) 
  u_ibex_core/u_masked/ex_block_i/alu_i/g5524/cmo_and0/Y                                       (p)     B->Y  R     AND2XL         1  0.2    20   104    3225    (-,-) 
  u_ibex_core/u_masked/ex_block_i/alu_i/g5524/cmo_xor0/Y                                       (p)     A->Y  R     XOR2XL         4  0.8    44   146    3371    (-,-) 
  u_ibex_core/u_masked/ex_block_i/alu_i/g5420/cmo_and0/Y                                       (p)     B->Y  R     AND2XL         1  0.2    20   108    3478    (-,-) 
  u_ibex_core/u_masked/ex_block_i/alu_i/g5420/cmo_xor0/Y                                       (p)     A->Y  F     XOR2XL         1  0.3    30   162    3640    (-,-) 
  u_ibex_core/u_masked/ex_block_i/alu_i/g5402/cmo_inv0/Y                                       (p)     A->Y  R     INVX1          5  1.0    33    36    3677    (-,-) 
  u_ibex_core/u_masked/ex_block_i/alu_i/g5382/cmo_and0/Y                                       (p)     B->Y  R     AND2XL         1  0.2    20   103    3779    (-,-) 
  u_ibex_core/u_masked/ex_block_i/alu_i/g5382/cmo_xor0/Y                                       (p)     A->Y  F     XOR2XL         2  0.4    34   164    3944    (-,-) 
  u_ibex_core/u_masked/ex_block_i/alu_i/g5379/cmo_and0/Y                                       (p)     A->Y  F     AND2XL         1  0.2    23    66    4010    (-,-) 
  u_ibex_core/u_masked/ex_block_i/alu_i/g5379/cmo_xor0/Y                                       (p)     A->Y  R     XOR2XL         2  0.4    29   174    4183    (-,-) 
  u_ibex_core/u_masked/ex_block_i/alu_i/g5376/cmo_and0/Y                                       (p)     A->Y  R     AND2XL         1  0.2    20   110    4294    (-,-) 
  u_ibex_core/u_masked/ex_block_i/alu_i/g5376/cmo_xor0/Y                                       (p)     A->Y  F     XOR2XL         1  0.3    30   162    4456    (-,-) 
  u_ibex_core/u_masked/ex_block_i/alu_i/g5375/cmo_inv0/Y                                       (p)     A->Y  R     INVX1          2  0.7    27    33    4489    (-,-) 
  u_ibex_core/u_masked/ex_block_i/alu_i/g5374/cmo_and0/Y                                       (p)     A->Y  R     CLKAND2X3      1  0.2    18    94    4583    (-,-) 
  u_ibex_core/u_masked/ex_block_i/alu_i/g5374/cmo_xor0/Y                                       (p)     A->Y  F     XOR2XL         2  0.4    34   164    4747    (-,-) 
  u_ibex_core/u_masked/ex_block_i/alu_i/g5373/cmo_or1/Y                                        (p)     B->Y  F     OR2XL          1  0.2    24    89    4836    (-,-) 
  u_ibex_core/u_masked/ex_block_i/alu_i/g5373/cmo_xor1/Y                                       (p)     A->Y  R     XOR2XL         2  0.6    36   178    5014    (-,-) 
  u_ibex_core/u_masked/ex_block_i/alu_i/g5372/cmo_buf0/Y                                       (p)     A->Y  R     BUFX3          2  0.7    20    78    5091    (-,-) 
  u_ibex_core/u_masked/ex_block_i/alu_i/g5371/cmo_and1/Y                                       (p)     A->Y  R     CLKAND2X3      1  0.2    18    91    5183    (-,-) 
  u_ibex_core/u_masked/ex_block_i/alu_i/g5371/cmo_xor1/Y                                       (p)     A->Y  F     CLKXOR2X2     66 13.3   196   293    5476    (-,-) 
  u_ibex_core/u_masked/ex_block_i/alu_i/g5370/cmo_or0/Y                                        (p)     B->Y  F     OR2XL          1  0.4    34   160    5636    (-,-) 
  u_ibex_core/u_masked/ex_block_i/alu_i/g5370/cmo_xor0/Y                                       (p)     B->Y  R     CLKXOR2X1      4  3.0    80   162    5798    (-,-) 
  u_ibex_core/u_masked/ex_block_i/alu_i/g5353/cmo_inv0/Y                                       (p)     A->Y  F     CLKINVX6      64 12.8    78    79    5877    (-,-) 
  u_ibex_core/u_masked/ex_block_i/alu_i/g5274/cmo_and0/Y                                       (p)     A->Y  F     AND2X1         1  0.2    19    86    5963    (-,-) 
  u_ibex_core/u_masked/ex_block_i/alu_i/g5274/cmo_xor0/Y                                       (p)     A->Y  R     XOR2XL         2  0.4    29   172    6135    (-,-) 
  u_ibex_core/u_masked/ex_block_i/alu_i/g5245/cmo_and0/Y                                       (p)     B->Y  R     AND2XL         1  0.2    20   101    6236    (-,-) 
  u_ibex_core/u_masked/ex_block_i/alu_i/g5245/cmo_xor0/Y                                       (p)     A->Y  F     XOR2XL         4  0.8    53   174    6410    (-,-) 
  u_ibex_core/u_masked/ex_block_i/alu_i/add_105_53_g2216/cmo_and0/Y                            (p)     B->Y  F     AND2XL         1  0.2    23    69    6480    (-,-) 
  u_ibex_core/u_masked/ex_block_i/alu_i/add_105_53_g2216/cmo_xor0/Y                            (p)     A->Y  R     XOR2XL         4  0.8    44   182    6661    (-,-) 
  u_ibex_core/u_masked/ex_block_i/alu_i/add_105_53_g2152/cmo_and0/Y                            (p)     A->Y  R     AND2XL         1  0.2    20   118    6779    (-,-) 
  u_ibex_core/u_masked/ex_block_i/alu_i/add_105_53_g2152/cmo_xor0/Y                            (p)     A->Y  F     XOR2XL         2  0.4    34   164    6943    (-,-) 
  u_ibex_core/u_masked/ex_block_i/alu_i/add_105_53_g2151/cmo_or1/Y                             (p)     B->Y  F     OR2XL          1  0.2    24    89    7032    (-,-) 
  u_ibex_core/u_masked/ex_block_i/alu_i/add_105_53_g2151/cmo_xor1/Y                            (p)     A->Y  R     XOR2XL         3  0.8    44   182    7214    (-,-) 
  u_ibex_core/u_masked/ex_block_i/alu_i/add_105_53_g2149/cmo_and1/Y                            (p)     A->Y  R     AND2XL         1  0.2    20   118    7331    (-,-) 
  u_ibex_core/u_masked/ex_block_i/alu_i/add_105_53_g2149/cmo_xor1/Y                            (p)     A->Y  R     XOR2XL         2  0.4    29   138    7469    (-,-) 
  u_ibex_core/u_masked/ex_block_i/alu_i/add_105_53_g2147/cmo_and1/Y                            (p)     B->Y  R     AND2XL         1  0.4    27   105    7574    (-,-) 
  u_ibex_core/u_masked/ex_block_i/alu_i/add_105_53_g2147/cmo_xor1/Y                            (p)     B->Y  F     XOR2XL         3  0.9    58   148    7722    (-,-) 
  u_ibex_core/u_masked/ex_block_i/alu_i/add_105_53_g2146/cmo_and1/Y                            (p)     A->Y  F     CLKAND2X2      1  0.2    21   108    7830    (-,-) 
  u_ibex_core/u_masked/ex_block_i/alu_i/add_105_53_g2146/cmo_xor1/Y                            (p)     A->Y  R     XOR2XL         2  0.4    29   173    8003    (-,-) 
  u_ibex_core/u_masked/ex_block_i/alu_i/add_105_53_g2144/cmo_and1/Y                            (p)     B->Y  R     AND2XL         1  0.4    27   105    8108    (-,-) 
  u_ibex_core/u_masked/ex_block_i/alu_i/add_105_53_g2144/cmo_xor1/Y                            (p)     B->Y  F     XOR2XL         3  0.9    58   148    8256    (-,-) 
  u_ibex_core/u_masked/ex_block_i/alu_i/add_105_53_g2143/cmo_and1/Y                            (p)     A->Y  F     CLKAND2X2      1  0.2    21   108    8364    (-,-) 
  u_ibex_core/u_masked/ex_block_i/alu_i/add_105_53_g2143/cmo_xor1/Y                            (p)     A->Y  R     XOR2XL         2  0.4    29   173    8537    (-,-) 
  u_ibex_core/u_masked/ex_block_i/alu_i/add_105_53_g2141/cmo_and1/Y                            (p)     B->Y  R     AND2XL         1  0.4    27   105    8642    (-,-) 
  u_ibex_core/u_masked/ex_block_i/alu_i/add_105_53_g2141/cmo_xor1/Y                            (p)     B->Y  F     XOR2XL         3  0.9    58   148    8790    (-,-) 
  u_ibex_core/u_masked/ex_block_i/alu_i/add_105_53_g2140/cmo_and1/Y                            (p)     A->Y  F     CLKAND2X2      1  0.2    21   108    8898    (-,-) 
  u_ibex_core/u_masked/ex_block_i/alu_i/add_105_53_g2140/cmo_xor1/Y                            (p)     A->Y  R     XOR2XL         2  0.4    29   173    9071    (-,-) 
  u_ibex_core/u_masked/ex_block_i/alu_i/add_105_53_g2138/cmo_and1/Y                            (p)     B->Y  R     AND2XL         1  0.4    27   105    9176    (-,-) 
  u_ibex_core/u_masked/ex_block_i/alu_i/add_105_53_g2138/cmo_xor1/Y                            (p)     B->Y  F     XOR2XL         3  0.9    58   148    9324    (-,-) 
  u_ibex_core/u_masked/ex_block_i/alu_i/add_105_53_g2137/cmo_and1/Y                            (p)     A->Y  F     CLKAND2X2      1  0.2    21   108    9432    (-,-) 
  u_ibex_core/u_masked/ex_block_i/alu_i/add_105_53_g2137/cmo_xor1/Y                            (p)     A->Y  R     XOR2XL         2  0.4    29   173    9604    (-,-) 
  u_ibex_core/u_masked/ex_block_i/alu_i/add_105_53_g2135/cmo_and1/Y                            (p)     B->Y  R     AND2XL         1  0.4    27   105    9710    (-,-) 
  u_ibex_core/u_masked/ex_block_i/alu_i/add_105_53_g2135/cmo_xor1/Y                            (p)     B->Y  F     XOR2XL         3  0.9    58   148    9858    (-,-) 
  u_ibex_core/u_masked/ex_block_i/alu_i/add_105_53_g2134/cmo_and1/Y                            (p)     A->Y  F     CLKAND2X2      1  0.2    21   108    9966    (-,-) 
  u_ibex_core/u_masked/ex_block_i/alu_i/add_105_53_g2134/cmo_xor1/Y                            (p)     A->Y  R     XOR2XL         2  0.4    29   173   10138    (-,-) 
  u_ibex_core/u_masked/ex_block_i/alu_i/add_105_53_g2132/cmo_and1/Y                            (p)     B->Y  R     AND2XL         1  0.4    27   105   10243    (-,-) 
  u_ibex_core/u_masked/ex_block_i/alu_i/add_105_53_g2132/cmo_xor1/Y                            (p)     B->Y  R     XOR2XL         3  0.8    44   129   10372    (-,-) 
  u_ibex_core/u_masked/ex_block_i/alu_i/add_105_53_g2131/cmo_and1/Y                            (p)     A->Y  R     AND2XL         1  0.2    20   118   10490    (-,-) 
  u_ibex_core/u_masked/ex_block_i/alu_i/add_105_53_g2131/cmo_xor1/Y                            (p)     A->Y  F     XOR2XL         2  0.4    34   164   10654    (-,-) 
  u_ibex_core/u_masked/ex_block_i/alu_i/add_105_53_g2129/cmo_or0/Y                             (p)     B->Y  F     OR2XL          1  0.4    33    94   10748    (-,-) 
  u_ibex_core/u_masked/ex_block_i/alu_i/add_105_53_g2129/cmo_xor0/Y                            (p)     B->Y  R     XOR2XL         3  0.8    44   127   10875    (-,-) 
  u_ibex_core/u_masked/ex_block_i/alu_i/add_105_53_g2128/cmo_and0/Y                            (p)     A->Y  R     AND2XL         1  0.2    20   118   10992    (-,-) 
  u_ibex_core/u_masked/ex_block_i/alu_i/add_105_53_g2128/cmo_xor0/Y                            (p)     A->Y  F     XOR2XL         2  0.4    34   164   11157    (-,-) 
  u_ibex_core/u_masked/ex_block_i/alu_i/add_105_53_g2126/cmo_and0/Y                            (p)     B->Y  F     AND2XL         1  0.2    23    61   11218    (-,-) 
  u_ibex_core/u_masked/ex_block_i/alu_i/add_105_53_g2126/cmo_xor0/Y                            (p)     A->Y  R     XOR2XL         3  0.8    44   182   11399    (-,-) 
  u_ibex_core/u_masked/ex_block_i/alu_i/add_105_53_g2125/cmo_and0/Y                            (p)     A->Y  R     AND2XL         1  0.2    20   118   11517    (-,-) 
  u_ibex_core/u_masked/ex_block_i/alu_i/add_105_53_g2125/cmo_xor0/Y                            (p)     A->Y  F     XOR2XL         2  0.4    34   164   11681    (-,-) 
  u_ibex_core/u_masked/ex_block_i/alu_i/add_105_53_g2123/cmo_or1/Y                             (p)     B->Y  F     OR2XL          1  0.2    24    89   11770    (-,-) 
  u_ibex_core/u_masked/ex_block_i/alu_i/add_105_53_g2123/cmo_xor1/Y                            (p)     A->Y  R     XOR2XL         3  0.8    44   182   11952    (-,-) 
  u_ibex_core/u_masked/ex_block_i/alu_i/add_105_53_g2122/cmo_and1/Y                            (p)     A->Y  R     AND2XL         1  0.2    20   118   12069    (-,-) 
  u_ibex_core/u_masked/ex_block_i/alu_i/add_105_53_g2122/cmo_xor1/Y                            (p)     A->Y  R     XOR2XL         2  0.4    29   138   12208    (-,-) 
  u_ibex_core/u_masked/ex_block_i/alu_i/add_105_53_g2120/cmo_and1/Y                            (p)     B->Y  R     AND2XL         1  0.4    27   105   12312    (-,-) 
  u_ibex_core/u_masked/ex_block_i/alu_i/add_105_53_g2120/cmo_xor1/Y                            (p)     B->Y  F     XOR2XL         3  0.9    58   148   12461    (-,-) 
  u_ibex_core/u_masked/ex_block_i/alu_i/add_105_53_g2119/cmo_and1/Y                            (p)     A->Y  F     CLKAND2X2      1  0.2    21   108   12569    (-,-) 
  u_ibex_core/u_masked/ex_block_i/alu_i/add_105_53_g2119/cmo_xor1/Y                            (p)     A->Y  R     XOR2XL         2  0.4    29   173   12741    (-,-) 
  u_ibex_core/u_masked/ex_block_i/alu_i/add_105_53_g2117/cmo_and1/Y                            (p)     B->Y  R     AND2XL         1  0.4    27   105   12846    (-,-) 
  u_ibex_core/u_masked/ex_block_i/alu_i/add_105_53_g2117/cmo_xor1/Y                            (p)     B->Y  F     XOR2XL         3  0.9    58   148   12994    (-,-) 
  u_ibex_core/u_masked/ex_block_i/alu_i/add_105_53_g2116/cmo_and1/Y                            (p)     A->Y  F     CLKAND2X2      1  0.2    21   108   13102    (-,-) 
  u_ibex_core/u_masked/ex_block_i/alu_i/add_105_53_g2116/cmo_xor1/Y                            (p)     A->Y  R     XOR2XL         2  0.4    29   173   13275    (-,-) 
  u_ibex_core/u_masked/ex_block_i/alu_i/add_105_53_g2114/cmo_and1/Y                            (p)     B->Y  R     AND2XL         1  0.4    27   105   13380    (-,-) 
  u_ibex_core/u_masked/ex_block_i/alu_i/add_105_53_g2114/cmo_xor1/Y                            (p)     B->Y  F     XOR2XL         3  0.9    58   148   13528    (-,-) 
  u_ibex_core/u_masked/ex_block_i/alu_i/add_105_53_g2113/cmo_and1/Y                            (p)     A->Y  F     CLKAND2X2      1  0.2    21   108   13636    (-,-) 
  u_ibex_core/u_masked/ex_block_i/alu_i/add_105_53_g2113/cmo_xor1/Y                            (p)     A->Y  R     XOR2XL         2  0.4    29   173   13809    (-,-) 
  u_ibex_core/u_masked/ex_block_i/alu_i/add_105_53_g2111/cmo_and1/Y                            (p)     B->Y  R     AND2XL         1  0.4    27   105   13914    (-,-) 
  u_ibex_core/u_masked/ex_block_i/alu_i/add_105_53_g2111/cmo_xor1/Y                            (p)     B->Y  F     XOR2XL         3  0.9    58   148   14062    (-,-) 
  u_ibex_core/u_masked/ex_block_i/alu_i/add_105_53_g2110/cmo_and1/Y                            (p)     A->Y  F     CLKAND2X2      1  0.2    21   108   14170    (-,-) 
  u_ibex_core/u_masked/ex_block_i/alu_i/add_105_53_g2110/cmo_xor1/Y                            (p)     A->Y  R     XOR2XL         2  0.4    29   173   14343    (-,-) 
  u_ibex_core/u_masked/ex_block_i/alu_i/add_105_53_g2108/cmo_and1/Y                            (p)     B->Y  R     AND2XL         1  0.4    27   105   14448    (-,-) 
  u_ibex_core/u_masked/ex_block_i/alu_i/add_105_53_g2108/cmo_xor1/Y                            (p)     B->Y  F     XOR2XL         3  0.9    58   148   14596    (-,-) 
  u_ibex_core/u_masked/ex_block_i/alu_i/add_105_53_g2107/cmo_and1/Y                            (p)     A->Y  F     CLKAND2X2      1  0.2    21   108   14704    (-,-) 
  u_ibex_core/u_masked/ex_block_i/alu_i/add_105_53_g2107/cmo_xor1/Y                            (p)     A->Y  R     XOR2XL         2  0.4    29   173   14876    (-,-) 
  u_ibex_core/u_masked/ex_block_i/alu_i/add_105_53_g2105/cmo_and1/Y                            (p)     B->Y  R     AND2XL         1  0.4    27   105   14982    (-,-) 
  u_ibex_core/u_masked/ex_block_i/alu_i/add_105_53_g2105/cmo_xor1/Y                            (p)     B->Y  R     XOR2XL         3  0.8    44   129   15110    (-,-) 
  u_ibex_core/u_masked/ex_block_i/alu_i/add_105_53_g2104/cmo_and1/Y                            (p)     A->Y  R     AND2XL         1  0.2    20   118   15228    (-,-) 
  u_ibex_core/u_masked/ex_block_i/alu_i/add_105_53_g2104/cmo_xor1/Y                            (p)     A->Y  F     XOR2XL         2  0.4    34   164   15392    (-,-) 
  u_ibex_core/u_masked/ex_block_i/alu_i/add_105_53_g2102/cmo_or0/Y                             (p)     B->Y  F     OR2XL          1  0.4    33    94   15486    (-,-) 
  u_ibex_core/u_masked/ex_block_i/alu_i/add_105_53_g2102/cmo_xor0/Y                            (p)     B->Y  R     XOR2XL         3  0.8    44   127   15613    (-,-) 
  u_ibex_core/u_masked/ex_block_i/alu_i/add_105_53_g2101/cmo_and0/Y                            (p)     A->Y  R     AND2XL         1  0.2    20   118   15730    (-,-) 
  u_ibex_core/u_masked/ex_block_i/alu_i/add_105_53_g2101/cmo_xor0/Y                            (p)     A->Y  F     XOR2XL         2  0.4    34   164   15895    (-,-) 
  u_ibex_core/u_masked/ex_block_i/alu_i/add_105_53_g2099/cmo_or1/Y                             (p)     B->Y  F     OR2XL          1  0.2    24    89   15984    (-,-) 
  u_ibex_core/u_masked/ex_block_i/alu_i/add_105_53_g2099/cmo_xor1/Y                            (p)     A->Y  R     XOR2XL         3  0.9    47   184   16168    (-,-) 
  u_ibex_core/u_masked/ex_block_i/alu_i/add_105_53_g2098/cmo_and1/Y                            (p)     A->Y  R     CLKAND2X2      1  0.2    19   112   16280    (-,-) 
  u_ibex_core/u_masked/ex_block_i/alu_i/add_105_53_g2098/cmo_xor1/Y                            (p)     A->Y  F     XOR2XL         2  0.4    34   164   16444    (-,-) 
  u_ibex_core/u_masked/ex_block_i/alu_i/add_105_53_g2096/cmo_or0/Y                             (p)     B->Y  F     OR2XL          1  0.4    33    94   16538    (-,-) 
  u_ibex_core/u_masked/ex_block_i/alu_i/add_105_53_g2096/cmo_xor0/Y                            (p)     B->Y  R     XOR2XL         3  0.8    44   127   16664    (-,-) 
  u_ibex_core/u_masked/ex_block_i/alu_i/add_105_53_g2095/cmo_and0/Y                            (p)     A->Y  R     AND2XL         1  0.2    20   118   16782    (-,-) 
  u_ibex_core/u_masked/ex_block_i/alu_i/add_105_53_g2095/cmo_xor0/Y                            (p)     A->Y  F     XOR2XL         2  0.4    34   164   16946    (-,-) 
  u_ibex_core/u_masked/ex_block_i/alu_i/add_105_53_g2093/cmo_or1/Y                             (p)     B->Y  F     OR2XL          1  0.2    24    89   17035    (-,-) 
  u_ibex_core/u_masked/ex_block_i/alu_i/add_105_53_g2093/cmo_xor1/Y                            (p)     A->Y  R     XOR2XL         3  0.9    47   184   17219    (-,-) 
  u_ibex_core/u_masked/ex_block_i/alu_i/add_105_53_g2092/cmo_and1/Y                            (p)     A->Y  R     CLKAND2X2      1  0.2    19   112   17331    (-,-) 
  u_ibex_core/u_masked/ex_block_i/alu_i/add_105_53_g2092/cmo_xor1/Y                            (p)     A->Y  F     XOR2XL         2  0.4    34   164   17495    (-,-) 
  u_ibex_core/u_masked/ex_block_i/alu_i/add_105_53_g2090/cmo_or0/Y                             (p)     B->Y  F     OR2XL          1  0.4    33    94   17589    (-,-) 
  u_ibex_core/u_masked/ex_block_i/alu_i/add_105_53_g2090/cmo_xor0/Y                            (p)     B->Y  R     XOR2XL         3  0.8    44   127   17716    (-,-) 
  u_ibex_core/u_masked/ex_block_i/alu_i/add_105_53_g2089/cmo_and0/Y                            (p)     A->Y  R     AND2XL         1  0.2    20   118   17834    (-,-) 
  u_ibex_core/u_masked/ex_block_i/alu_i/add_105_53_g2089/cmo_xor0/Y                            (p)     A->Y  F     XOR2XL         2  0.4    34   164   17998    (-,-) 
  u_ibex_core/u_masked/ex_block_i/alu_i/add_105_53_g2087/cmo_or1/Y                             (p)     B->Y  F     OR2XL          1  0.2    24    89   18087    (-,-) 
  u_ibex_core/u_masked/ex_block_i/alu_i/add_105_53_g2087/cmo_xor1/Y                            (p)     A->Y  R     XOR2XL         3  0.9    47   184   18271    (-,-) 
  u_ibex_core/u_masked/ex_block_i/alu_i/add_105_53_g2086/cmo_and1/Y                            (p)     A->Y  R     CLKAND2X2      1  0.2    19   112   18383    (-,-) 
  u_ibex_core/u_masked/ex_block_i/alu_i/add_105_53_g2086/cmo_xor1/Y                            (p)     A->Y  F     XOR2XL         2  0.4    34   164   18547    (-,-) 
  u_ibex_core/u_masked/ex_block_i/alu_i/add_105_53_g2084/cmo_or0/Y                             (p)     B->Y  F     OR2XL          1  0.4    33    94   18641    (-,-) 
  u_ibex_core/u_masked/ex_block_i/alu_i/add_105_53_g2084/cmo_xor0/Y                            (p)     B->Y  R     XOR2XL         3  0.8    44   127   18768    (-,-) 
  u_ibex_core/u_masked/ex_block_i/alu_i/add_105_53_g2083/cmo_and0/Y                            (p)     A->Y  R     AND2XL         1  0.2    20   118   18885    (-,-) 
  u_ibex_core/u_masked/ex_block_i/alu_i/add_105_53_g2083/cmo_xor0/Y                            (p)     A->Y  F     XOR2XL         2  0.4    34   164   19049    (-,-) 
  u_ibex_core/u_masked/ex_block_i/alu_i/add_105_53_g2081/cmo_or1/Y                             (p)     B->Y  F     OR2XL          1  0.2    24    89   19138    (-,-) 
  u_ibex_core/u_masked/ex_block_i/alu_i/add_105_53_g2081/cmo_xor1/Y                            (p)     A->Y  R     XOR2XL         3  0.8    44   182   19320    (-,-) 
  u_ibex_core/u_masked/ex_block_i/alu_i/add_105_53_g2080/cmo_and1/Y                            (p)     A->Y  R     AND2XL         1  0.2    20   118   19438    (-,-) 
  u_ibex_core/u_masked/ex_block_i/alu_i/add_105_53_g2080/cmo_xor1/Y                            (p)     A->Y  R     XOR2XL         2  0.4    29   138   19576    (-,-) 
  u_ibex_core/u_masked/ex_block_i/alu_i/add_105_53_g2078/cmo_and1/Y                            (p)     B->Y  R     AND2XL         1  0.4    27   105   19681    (-,-) 
  u_ibex_core/u_masked/ex_block_i/alu_i/add_105_53_g2078/cmo_xor1/Y                            (p)     B->Y  F     XOR2XL         3  0.9    58   148   19829    (-,-) 
  u_ibex_core/u_masked/ex_block_i/alu_i/add_105_53_g2077/cmo_and1/Y                            (p)     A->Y  F     CLKAND2X2      1  0.2    21   108   19937    (-,-) 
  u_ibex_core/u_masked/ex_block_i/alu_i/add_105_53_g2077/cmo_xor1/Y                            (p)     A->Y  R     XOR2XL         2  0.4    29   173   20110    (-,-) 
  u_ibex_core/u_masked/ex_block_i/alu_i/add_105_53_g2075/cmo_and1/Y                            (p)     B->Y  R     AND2XL         1  0.4    27   105   20214    (-,-) 
  u_ibex_core/u_masked/ex_block_i/alu_i/add_105_53_g2075/cmo_xor1/Y                            (p)     B->Y  F     XOR2XL         3  0.9    58   148   20363    (-,-) 
  u_ibex_core/u_masked/ex_block_i/alu_i/add_105_53_g2074/cmo_and1/Y                            (p)     A->Y  F     CLKAND2X2      1  0.2    21   108   20471    (-,-) 
  u_ibex_core/u_masked/ex_block_i/alu_i/add_105_53_g2074/cmo_xor1/Y                            (p)     A->Y  R     XOR2XL         2  0.4    29   173   20643    (-,-) 
  u_ibex_core/u_masked/ex_block_i/alu_i/add_105_53_g2072/cmo_and1/Y                            (p)     B->Y  R     AND2XL         1  0.4    27   105   20748    (-,-) 
  u_ibex_core/u_masked/ex_block_i/alu_i/add_105_53_g2072/cmo_xor1/Y                            (p)     B->Y  F     XOR2XL         3  0.9    58   148   20896    (-,-) 
  u_ibex_core/u_masked/ex_block_i/alu_i/add_105_53_g2071/cmo_and1/Y                            (p)     A->Y  F     CLKAND2X2      1  0.2    21   108   21004    (-,-) 
  u_ibex_core/u_masked/ex_block_i/alu_i/add_105_53_g2071/cmo_xor1/Y                            (p)     A->Y  R     XOR2XL         2  0.4    29   173   21177    (-,-) 
  u_ibex_core/u_masked/ex_block_i/alu_i/add_105_53_g2069/cmo_and1/Y                            (p)     B->Y  R     AND2XL         1  0.4    27   105   21282    (-,-) 
  u_ibex_core/u_masked/ex_block_i/alu_i/add_105_53_g2069/cmo_xor1/Y                            (p)     B->Y  F     XOR2XL         3  1.1    67   153   21435    (-,-) 
  u_ibex_core/u_masked/ex_block_i/alu_i/add_105_53_g2068/cmo_and1/Y                            (p)     A->Y  F     CLKAND2X3      1  0.2    20   106   21542    (-,-) 
  u_ibex_core/u_masked/ex_block_i/alu_i/add_105_53_g2068/cmo_xor1/Y                            (p)     A->Y  R     XOR2XL         2  0.4    29   172   21714    (-,-) 
  u_ibex_core/u_masked/ex_block_i/alu_i/add_105_53_g2066/cmo_and1/Y                            (p)     B->Y  R     AND2XL         1  0.4    27   105   21819    (-,-) 
  u_ibex_core/u_masked/ex_block_i/alu_i/add_105_53_g2066/cmo_xor1/Y                            (p)     B->Y  F     XOR2XL         3  0.9    58   148   21967    (-,-) 
  u_ibex_core/u_masked/ex_block_i/alu_i/add_105_53_g2065/cmo_and1/Y                            (p)     A->Y  F     CLKAND2X2      1  0.2    21   108   22075    (-,-) 
  u_ibex_core/u_masked/ex_block_i/alu_i/add_105_53_g2065/cmo_xor1/Y                            (p)     A->Y  R     XOR2XL         2  0.4    29   173   22248    (-,-) 
  u_ibex_core/u_masked/ex_block_i/alu_i/add_105_53_g2063/cmo_or0/Y                             (p)     B->Y  R     OR2XL          1  0.4    26    63   22310    (-,-) 
  u_ibex_core/u_masked/ex_block_i/alu_i/add_105_53_g2063/cmo_xor0/Y                            (p)     B->Y  F     XOR2XL         3  0.8    53   145   22456    (-,-) 
  u_ibex_core/u_masked/ex_block_i/alu_i/add_105_53_g2061/cmo_xor0/Y                            (p)     B->Y  R     CLKXOR2X1     17  3.4    88   175   22630    (-,-) 
  u_ibex_core/u_masked/ex_block_i/alu_i/g7342/cmo_and0/Y                                       (p)     B->Y  R     AND2XL         1  0.2    20   128   22758    (-,-) 
  u_ibex_core/u_masked/ex_block_i/alu_i/g7342/cmo_xor0/Y                                       (p)     A->Y  F     XOR2XL         2  0.4    34   164   22922    (-,-) 
  u_ibex_core/u_masked/ex_block_i/alu_i/g7341/cmo_and0/Y                                       (p)     B->Y  F     AND2XL         1  0.2    23    61   22984    (-,-) 
  u_ibex_core/u_masked/ex_block_i/alu_i/g7341/cmo_xor0/Y                                       (p)     A->Y  R     XOR2XL         2  0.4    29   174   23157    (-,-) 
  u_ibex_core/u_masked/ex_block_i/alu_i/g7340/cmo_and0/Y                                       (p)     B->Y  R     AND2XL         1  0.2    20   101   23258    (-,-) 
  u_ibex_core/u_masked/ex_block_i/alu_i/g7340/cmo_xor0/Y                                       (p)     A->Y  F     XOR2XL         2  0.4    34   164   23422    (-,-) 
  u_ibex_core/u_masked/ex_block_i/alu_i/g7339/cmo_and0/Y                                       (p)     B->Y  F     AND2XL         1  0.2    23    61   23484    (-,-) 
  u_ibex_core/u_masked/ex_block_i/alu_i/g7339/cmo_xor0/Y                                       (p)     A->Y  R     XOR2XL         2  0.4    29   174   23657    (-,-) 
  u_ibex_core/u_masked/ex_block_i/alu_i/g7338/cmo_and0/Y                                       (p)     B->Y  R     AND2XL         1  0.2    20   101   23758    (-,-) 
  u_ibex_core/u_masked/ex_block_i/alu_i/g7338/cmo_xor0/Y                                       (p)     A->Y  F     XOR2XL         2  0.4    34   164   23922    (-,-) 
  u_ibex_core/u_masked/ex_block_i/alu_i/g7337/cmo_and0/Y                                       (p)     B->Y  F     AND2XL         1  0.2    23    61   23984    (-,-) 
  u_ibex_core/u_masked/ex_block_i/alu_i/g7337/cmo_xor0/Y                                       (p)     A->Y  R     XOR2XL         2  0.4    29   174   24157    (-,-) 
  u_ibex_core/u_masked/ex_block_i/alu_i/g7336/cmo_and0/Y                                       (p)     B->Y  R     AND2XL         1  0.2    20   101   24258    (-,-) 
  u_ibex_core/u_masked/ex_block_i/alu_i/g7336/cmo_xor0/Y                                       (p)     A->Y  F     XOR2XL         2  0.4    34   164   24423    (-,-) 
  u_ibex_core/u_masked/ex_block_i/alu_i/g7335/cmo_or1/Y                                        (p)     B->Y  F     OR2XL          1  0.2    24    89   24511    (-,-) 
  u_ibex_core/u_masked/ex_block_i/alu_i/g7335/cmo_xor1/Y                                       (p)     A->Y  R     XOR2XL         3  0.8    44   182   24693    (-,-) 
  u_ibex_core/u_masked/ex_block_i/alu_i/g7334/cmo_buf0/Y                                       (p)     A->Y  R     BUFX3          8  1.9    28    86   24779    (-,-) 
  u_ibex_core/u_masked/ex_block_i/alu_i/g7332/cmo_and1/Y                                       (p)     A->Y  R     CLKAND2X3      1  0.2    18    95   24874    (-,-) 
  u_ibex_core/u_masked/ex_block_i/alu_i/g7332/cmo_xor1/Y                                       (p)     A->Y  F     XOR2XL         2  0.4    34   164   25038    (-,-) 
  u_ibex_core/u_masked/ex_block_i/alu_i/g7331/cmo_or0/Y                                        (p)     B->Y  F     OR2XL          1  0.4    33    94   25132    (-,-) 
  u_ibex_core/u_masked/ex_block_i/alu_i/g7331/cmo_xor0/Y                                       (p)     B->Y  R     XOR2XL         2  0.4    29   119   25250    (-,-) 
  u_ibex_core/u_masked/ex_block_i/alu_i/g7330/cmo_and0/Y                                       (p)     B->Y  R     AND2XL         1  0.2    20   101   25352    (-,-) 
  u_ibex_core/u_masked/ex_block_i/alu_i/g7330/cmo_xor0/Y                                       (p)     A->Y  F     XOR2XL         4  0.8    53   174   25526    (-,-) 
  u_ibex_core/u_masked/id_stage_i/g3058/cmo_and0/Y                                             (p)     A->Y  F     AND2XL         1  0.2    23    74   25600    (-,-) 
  u_ibex_core/u_masked/id_stage_i/g3058/cmo_xor0/Y                                             (p)     A->Y  R     XOR2XL         4  0.8    44   182   25782    (-,-) 
  u_ibex_core/u_masked/id_stage_i/g3052/cmo_and0/Y                                             (p)     B->Y  R     AND2XL         1  0.2    20   108   25890    (-,-) 
  u_ibex_core/u_masked/id_stage_i/g3052/cmo_xor0/Y                                             (p)     A->Y  F     XOR2XL         4  0.8    53   174   26064    (-,-) 
  u_ibex_core/u_masked/id_stage_i/g3046/cmo_and0/Y                                             (p)     A->Y  F     AND2XL         1  0.2    23    74   26138    (-,-) 
  u_ibex_core/u_masked/id_stage_i/g3046/cmo_xor0/Y                                             (p)     A->Y  R     XOR2XL         2  0.4    29   174   26312    (-,-) 
  u_ibex_core/u_masked/id_stage_i/g3034/cmo_and0/Y                                             (p)     B->Y  R     AND2XL         1  0.2    20   101   26413    (-,-) 
  u_ibex_core/u_masked/id_stage_i/g3034/cmo_xor0/Y                                             (p)     A->Y  F     CLKXOR2X1      8  1.6    58   191   26604    (-,-) 
  u_ibex_core/u_masked/id_stage_i/g3033/cmo_or1/Y                                              (p)     B->Y  F     OR2XL          1  0.2    24    98   26702    (-,-) 
  u_ibex_core/u_masked/id_stage_i/g3033/cmo_xor1/Y                                             (p)     A->Y  R     XOR2XL         3  0.8    44   182   26884    (-,-) 
  u_ibex_core/u_masked/id_stage_i/g2942/cmo_buf0/Y                                             (p)     A->Y  R     BUFX3          2  0.4    18    80   26964    (-,-) 
  u_ibex_core/u_masked/wb_stage_i/g728/cmo_and1/Y                                              (p)     A->Y  R     AND2XL         1  0.2    20   105   27069    (-,-) 
  u_ibex_core/u_masked/wb_stage_i/g728/cmo_xor1/Y                                              (p)     A->Y  F     XOR2XL         2  0.4    34   164   27234    (-,-) 
  u_ibex_core/u_masked/wb_stage_i/g695/cmo_and1/Y                                              (p)     A->Y  F     AND2XL         1  0.2    23    66   27300    (-,-) 
  u_ibex_core/u_masked/wb_stage_i/g695/cmo_xor1/Y                                              (p)     A->Y  R     XOR2XL         2  0.4    29   174   27473    (-,-) 
  u_ibex_core/u_masked/cs_registers_i/g14377/cmo_and1/Y                                        (p)     A->Y  R     AND2XL         1  0.2    20   110   27584    (-,-) 
  u_ibex_core/u_masked/cs_registers_i/g14377/cmo_xor1/Y                                        (p)     A->Y  F     XOR2XL         3  0.8    53   174   27758    (-,-) 
  u_ibex_core/u_masked/cs_registers_i/minstret_counter_i/inc_ADD_UNS_OP_g1318__5107/cmo_and1/Y (p)     A->Y  F     AND2XL         1  0.2    23    74   27833    (-,-) 
  u_ibex_core/u_masked/cs_registers_i/minstret_counter_i/inc_ADD_UNS_OP_g1318__5107/cmo_xor1/Y (p)     A->Y  R     XOR2XL         3  0.8    44   182   28014    (-,-) 
  u_ibex_core/u_masked/cs_registers_i/minstret_counter_i/inc_ADD_UNS_OP_g1316__5477/cmo_and1/Y (p)     A->Y  R     AND2XL         1  0.2    20   118   28132    (-,-) 
  u_ibex_core/u_masked/cs_registers_i/minstret_counter_i/inc_ADD_UNS_OP_g1316__5477/cmo_xor1/Y (p)     A->Y  F     XOR2XL         3  0.8    53   174   28306    (-,-) 
  u_ibex_core/u_masked/cs_registers_i/minstret_counter_i/inc_ADD_UNS_OP_g1314__7410/cmo_and1/Y (p)     A->Y  F     AND2XL         1  0.2    23    74   28381    (-,-) 
  u_ibex_core/u_masked/cs_registers_i/minstret_counter_i/inc_ADD_UNS_OP_g1314__7410/cmo_xor1/Y (p)     A->Y  R     XOR2XL         3  0.8    44   182   28562    (-,-) 
  u_ibex_core/u_masked/cs_registers_i/minstret_counter_i/inc_ADD_UNS_OP_g1312__2346/cmo_and1/Y (p)     A->Y  R     AND2XL         1  0.2    20   118   28680    (-,-) 
  u_ibex_core/u_masked/cs_registers_i/minstret_counter_i/inc_ADD_UNS_OP_g1312__2346/cmo_xor1/Y (p)     A->Y  F     XOR2XL         3  0.8    53   174   28854    (-,-) 
  u_ibex_core/u_masked/cs_registers_i/minstret_counter_i/inc_ADD_UNS_OP_g1310__9945/cmo_and1/Y (p)     A->Y  F     AND2XL         1  0.2    23    74   28929    (-,-) 
  u_ibex_core/u_masked/cs_registers_i/minstret_counter_i/inc_ADD_UNS_OP_g1310__9945/cmo_xor1/Y (p)     A->Y  R     XOR2XL         3  0.8    44   182   29110    (-,-) 
  u_ibex_core/u_masked/cs_registers_i/minstret_counter_i/inc_ADD_UNS_OP_g1308__6161/cmo_and1/Y (p)     A->Y  R     AND2XL         1  0.2    20   118   29228    (-,-) 
  u_ibex_core/u_masked/cs_registers_i/minstret_counter_i/inc_ADD_UNS_OP_g1308__6161/cmo_xor1/Y (p)     A->Y  F     XOR2XL         3  0.8    53   174   29402    (-,-) 
  u_ibex_core/u_masked/cs_registers_i/minstret_counter_i/inc_ADD_UNS_OP_g1306__7482/cmo_and1/Y (p)     A->Y  F     AND2XL         1  0.2    23    74   29477    (-,-) 
  u_ibex_core/u_masked/cs_registers_i/minstret_counter_i/inc_ADD_UNS_OP_g1306__7482/cmo_xor1/Y (p)     A->Y  R     XOR2XL         3  0.8    44   182   29658    (-,-) 
  u_ibex_core/u_masked/cs_registers_i/minstret_counter_i/inc_ADD_UNS_OP_g1304__1881/cmo_and1/Y (p)     A->Y  R     AND2XL         1  0.2    20   118   29776    (-,-) 
  u_ibex_core/u_masked/cs_registers_i/minstret_counter_i/inc_ADD_UNS_OP_g1304__1881/cmo_xor1/Y (p)     A->Y  F     XOR2XL         3  0.8    53   174   29950    (-,-) 
  u_ibex_core/u_masked/cs_registers_i/minstret_counter_i/inc_ADD_UNS_OP_g1302__7098/cmo_and1/Y (p)     A->Y  F     AND2XL         1  0.2    23    74   30025    (-,-) 
  u_ibex_core/u_masked/cs_registers_i/minstret_counter_i/inc_ADD_UNS_OP_g1302__7098/cmo_xor1/Y (p)     A->Y  R     XOR2XL         3  0.8    44   182   30206    (-,-) 
  u_ibex_core/u_masked/cs_registers_i/minstret_counter_i/inc_ADD_UNS_OP_g1300__5122/cmo_and1/Y (p)     A->Y  R     AND2XL         1  0.2    20   118   30324    (-,-) 
  u_ibex_core/u_masked/cs_registers_i/minstret_counter_i/inc_ADD_UNS_OP_g1300__5122/cmo_xor1/Y (p)     A->Y  F     XOR2XL         3  0.8    53   174   30498    (-,-) 
  u_ibex_core/u_masked/cs_registers_i/minstret_counter_i/inc_ADD_UNS_OP_g1298__2802/cmo_and1/Y (p)     A->Y  F     AND2XL         1  0.2    23    74   30573    (-,-) 
  u_ibex_core/u_masked/cs_registers_i/minstret_counter_i/inc_ADD_UNS_OP_g1298__2802/cmo_xor1/Y (p)     A->Y  R     XOR2XL         3  0.8    44   182   30754    (-,-) 
  u_ibex_core/u_masked/cs_registers_i/minstret_counter_i/inc_ADD_UNS_OP_g1296__3680/cmo_and1/Y (p)     A->Y  R     AND2XL         1  0.2    20   118   30872    (-,-) 
  u_ibex_core/u_masked/cs_registers_i/minstret_counter_i/inc_ADD_UNS_OP_g1296__3680/cmo_xor1/Y (p)     A->Y  F     XOR2XL         3  0.8    53   174   31046    (-,-) 
  u_ibex_core/u_masked/cs_registers_i/minstret_counter_i/inc_ADD_UNS_OP_g1294__5526/cmo_and1/Y (p)     A->Y  F     AND2XL         1  0.2    23    74   31121    (-,-) 
  u_ibex_core/u_masked/cs_registers_i/minstret_counter_i/inc_ADD_UNS_OP_g1294__5526/cmo_xor1/Y (p)     A->Y  R     XOR2XL         3  0.8    44   182   31302    (-,-) 
  u_ibex_core/u_masked/cs_registers_i/minstret_counter_i/inc_ADD_UNS_OP_g1292__4319/cmo_and1/Y (p)     A->Y  R     AND2XL         1  0.2    20   118   31420    (-,-) 
  u_ibex_core/u_masked/cs_registers_i/minstret_counter_i/inc_ADD_UNS_OP_g1292__4319/cmo_xor1/Y (p)     A->Y  F     XOR2XL         3  0.8    53   174   31594    (-,-) 
  u_ibex_core/u_masked/cs_registers_i/minstret_counter_i/inc_ADD_UNS_OP_g1290__5107/cmo_and1/Y (p)     A->Y  F     AND2XL         1  0.2    23    74   31669    (-,-) 
  u_ibex_core/u_masked/cs_registers_i/minstret_counter_i/inc_ADD_UNS_OP_g1290__5107/cmo_xor1/Y (p)     A->Y  R     XOR2XL         3  0.8    44   182   31850    (-,-) 
  u_ibex_core/u_masked/cs_registers_i/minstret_counter_i/inc_ADD_UNS_OP_g1288__5477/cmo_and1/Y (p)     A->Y  R     AND2XL         1  0.2    20   118   31968    (-,-) 
  u_ibex_core/u_masked/cs_registers_i/minstret_counter_i/inc_ADD_UNS_OP_g1288__5477/cmo_xor1/Y (p)     A->Y  F     XOR2XL         3  0.8    53   174   32142    (-,-) 
  u_ibex_core/u_masked/cs_registers_i/minstret_counter_i/inc_ADD_UNS_OP_g1286__7410/cmo_and1/Y (p)     A->Y  F     AND2XL         1  0.2    23    74   32217    (-,-) 
  u_ibex_core/u_masked/cs_registers_i/minstret_counter_i/inc_ADD_UNS_OP_g1286__7410/cmo_xor1/Y (p)     A->Y  R     XOR2XL         3  0.8    44   182   32398    (-,-) 
  u_ibex_core/u_masked/cs_registers_i/minstret_counter_i/inc_ADD_UNS_OP_g1284__2346/cmo_and1/Y (p)     A->Y  R     AND2XL         1  0.2    20   118   32516    (-,-) 
  u_ibex_core/u_masked/cs_registers_i/minstret_counter_i/inc_ADD_UNS_OP_g1284__2346/cmo_xor1/Y (p)     A->Y  F     XOR2XL         3  0.8    53   174   32690    (-,-) 
  u_ibex_core/u_masked/cs_registers_i/minstret_counter_i/inc_ADD_UNS_OP_g1282__9945/cmo_and1/Y (p)     A->Y  F     AND2XL         1  0.2    23    74   32765    (-,-) 
  u_ibex_core/u_masked/cs_registers_i/minstret_counter_i/inc_ADD_UNS_OP_g1282__9945/cmo_xor1/Y (p)     A->Y  R     XOR2XL         3  0.8    44   182   32946    (-,-) 
  u_ibex_core/u_masked/cs_registers_i/minstret_counter_i/inc_ADD_UNS_OP_g1280__6161/cmo_and1/Y (p)     A->Y  R     AND2XL         1  0.2    20   118   33064    (-,-) 
  u_ibex_core/u_masked/cs_registers_i/minstret_counter_i/inc_ADD_UNS_OP_g1280__6161/cmo_xor1/Y (p)     A->Y  F     XOR2XL         3  0.8    53   174   33238    (-,-) 
  u_ibex_core/u_masked/cs_registers_i/minstret_counter_i/inc_ADD_UNS_OP_g1278__7482/cmo_and1/Y (p)     A->Y  F     AND2XL         1  0.2    23    74   33313    (-,-) 
  u_ibex_core/u_masked/cs_registers_i/minstret_counter_i/inc_ADD_UNS_OP_g1278__7482/cmo_xor1/Y (p)     A->Y  R     XOR2XL         3  0.8    44   182   33494    (-,-) 
  u_ibex_core/u_masked/cs_registers_i/minstret_counter_i/inc_ADD_UNS_OP_g1276__1881/cmo_and1/Y (p)     A->Y  R     AND2XL         1  0.2    20   118   33612    (-,-) 
  u_ibex_core/u_masked/cs_registers_i/minstret_counter_i/inc_ADD_UNS_OP_g1276__1881/cmo_xor1/Y (p)     A->Y  F     XOR2XL         3  0.8    53   174   33786    (-,-) 
  u_ibex_core/u_masked/cs_registers_i/minstret_counter_i/inc_ADD_UNS_OP_g1274__7098/cmo_and1/Y (p)     A->Y  F     AND2XL         1  0.2    23    74   33861    (-,-) 
  u_ibex_core/u_masked/cs_registers_i/minstret_counter_i/inc_ADD_UNS_OP_g1274__7098/cmo_xor1/Y (p)     A->Y  R     XOR2XL         3  0.8    44   182   34042    (-,-) 
  u_ibex_core/u_masked/cs_registers_i/minstret_counter_i/inc_ADD_UNS_OP_g1272__5122/cmo_and1/Y (p)     A->Y  R     AND2XL         1  0.2    20   118   34160    (-,-) 
  u_ibex_core/u_masked/cs_registers_i/minstret_counter_i/inc_ADD_UNS_OP_g1272__5122/cmo_xor1/Y (p)     A->Y  F     XOR2XL         3  0.8    53   174   34334    (-,-) 
  u_ibex_core/u_masked/cs_registers_i/minstret_counter_i/inc_ADD_UNS_OP_g1270__2802/cmo_and1/Y (p)     A->Y  F     AND2XL         1  0.2    23    74   34409    (-,-) 
  u_ibex_core/u_masked/cs_registers_i/minstret_counter_i/inc_ADD_UNS_OP_g1270__2802/cmo_xor1/Y (p)     A->Y  R     XOR2XL         3  0.8    44   182   34590    (-,-) 
  u_ibex_core/u_masked/cs_registers_i/minstret_counter_i/inc_ADD_UNS_OP_g1268__3680/cmo_and1/Y (p)     A->Y  R     AND2XL         1  0.2    20   118   34708    (-,-) 
  u_ibex_core/u_masked/cs_registers_i/minstret_counter_i/inc_ADD_UNS_OP_g1268__3680/cmo_xor1/Y (p)     A->Y  F     XOR2XL         3  0.8    53   174   34882    (-,-) 
  u_ibex_core/u_masked/cs_registers_i/minstret_counter_i/inc_ADD_UNS_OP_g1266__5526/cmo_and1/Y (p)     A->Y  F     AND2XL         1  0.2    23    74   34957    (-,-) 
  u_ibex_core/u_masked/cs_registers_i/minstret_counter_i/inc_ADD_UNS_OP_g1266__5526/cmo_xor1/Y (p)     A->Y  R     XOR2XL         3  0.8    44   182   35138    (-,-) 
  u_ibex_core/u_masked/cs_registers_i/minstret_counter_i/inc_ADD_UNS_OP_g1264__4319/cmo_and1/Y (p)     A->Y  R     AND2XL         1  0.2    20   118   35256    (-,-) 
  u_ibex_core/u_masked/cs_registers_i/minstret_counter_i/inc_ADD_UNS_OP_g1264__4319/cmo_xor1/Y (p)     A->Y  F     XOR2XL         3  0.8    53   174   35430    (-,-) 
  u_ibex_core/u_masked/cs_registers_i/minstret_counter_i/inc_ADD_UNS_OP_g1262__5107/cmo_and1/Y (p)     A->Y  F     AND2XL         1  0.2    23    74   35505    (-,-) 
  u_ibex_core/u_masked/cs_registers_i/minstret_counter_i/inc_ADD_UNS_OP_g1262__5107/cmo_xor1/Y (p)     A->Y  R     XOR2XL         3  0.8    44   182   35686    (-,-) 
  u_ibex_core/u_masked/cs_registers_i/minstret_counter_i/inc_ADD_UNS_OP_g1260__5477/cmo_and1/Y (p)     A->Y  R     AND2XL         1  0.2    20   118   35804    (-,-) 
  u_ibex_core/u_masked/cs_registers_i/minstret_counter_i/inc_ADD_UNS_OP_g1260__5477/cmo_xor1/Y (p)     A->Y  F     XOR2XL         3  0.8    53   174   35978    (-,-) 
  u_ibex_core/u_masked/cs_registers_i/minstret_counter_i/inc_ADD_UNS_OP_g1258__7410/cmo_and1/Y (p)     A->Y  F     AND2XL         1  0.2    23    74   36053    (-,-) 
  u_ibex_core/u_masked/cs_registers_i/minstret_counter_i/inc_ADD_UNS_OP_g1258__7410/cmo_xor1/Y (p)     A->Y  R     XOR2XL         3  0.8    44   182   36234    (-,-) 
  u_ibex_core/u_masked/cs_registers_i/minstret_counter_i/inc_ADD_UNS_OP_g1256__2346/cmo_and1/Y (p)     A->Y  R     AND2XL         1  0.2    20   118   36352    (-,-) 
  u_ibex_core/u_masked/cs_registers_i/minstret_counter_i/inc_ADD_UNS_OP_g1256__2346/cmo_xor1/Y (p)     A->Y  F     XOR2XL         3  0.8    53   174   36526    (-,-) 
  u_ibex_core/u_masked/cs_registers_i/minstret_counter_i/inc_ADD_UNS_OP_g1254__9945/cmo_and1/Y (p)     A->Y  F     AND2XL         1  0.2    23    74   36601    (-,-) 
  u_ibex_core/u_masked/cs_registers_i/minstret_counter_i/inc_ADD_UNS_OP_g1254__9945/cmo_xor1/Y (p)     A->Y  R     XOR2XL         3  0.8    44   182   36782    (-,-) 
  u_ibex_core/u_masked/cs_registers_i/minstret_counter_i/inc_ADD_UNS_OP_g1252__6161/cmo_and1/Y (p)     A->Y  R     AND2XL         1  0.2    20   118   36900    (-,-) 
  u_ibex_core/u_masked/cs_registers_i/minstret_counter_i/inc_ADD_UNS_OP_g1252__6161/cmo_xor1/Y (p)     A->Y  F     XOR2XL         3  0.8    53   174   37074    (-,-) 
  u_ibex_core/u_masked/cs_registers_i/minstret_counter_i/inc_ADD_UNS_OP_g1250__7482/cmo_and1/Y (p)     A->Y  F     AND2XL         1  0.2    23    74   37149    (-,-) 
  u_ibex_core/u_masked/cs_registers_i/minstret_counter_i/inc_ADD_UNS_OP_g1250__7482/cmo_xor1/Y (p)     A->Y  R     XOR2XL         3  0.8    44   182   37330    (-,-) 
  u_ibex_core/u_masked/cs_registers_i/minstret_counter_i/inc_ADD_UNS_OP_g1248__1881/cmo_and1/Y (p)     A->Y  R     AND2XL         1  0.2    20   118   37448    (-,-) 
  u_ibex_core/u_masked/cs_registers_i/minstret_counter_i/inc_ADD_UNS_OP_g1248__1881/cmo_xor1/Y (p)     A->Y  F     XOR2XL         3  0.8    53   174   37622    (-,-) 
  u_ibex_core/u_masked/cs_registers_i/minstret_counter_i/inc_ADD_UNS_OP_g1246__7098/cmo_and1/Y (p)     A->Y  F     AND2XL         1  0.2    23    74   37697    (-,-) 
  u_ibex_core/u_masked/cs_registers_i/minstret_counter_i/inc_ADD_UNS_OP_g1246__7098/cmo_xor1/Y (p)     A->Y  R     XOR2XL         3  0.8    44   182   37878    (-,-) 
  u_ibex_core/u_masked/cs_registers_i/minstret_counter_i/inc_ADD_UNS_OP_g1244__5122/cmo_and1/Y (p)     A->Y  R     AND2XL         1  0.2    20   118   37996    (-,-) 
  u_ibex_core/u_masked/cs_registers_i/minstret_counter_i/inc_ADD_UNS_OP_g1244__5122/cmo_xor1/Y (p)     A->Y  F     XOR2XL         3  0.8    53   174   38170    (-,-) 
  u_ibex_core/u_masked/cs_registers_i/minstret_counter_i/inc_ADD_UNS_OP_g1242__2802/cmo_and1/Y (p)     A->Y  F     AND2XL         1  0.2    23    74   38245    (-,-) 
  u_ibex_core/u_masked/cs_registers_i/minstret_counter_i/inc_ADD_UNS_OP_g1242__2802/cmo_xor1/Y (p)     A->Y  R     XOR2XL         3  0.8    44   182   38426    (-,-) 
  u_ibex_core/u_masked/cs_registers_i/minstret_counter_i/inc_ADD_UNS_OP_g1240__3680/cmo_and1/Y (p)     A->Y  R     AND2XL         1  0.2    20   118   38544    (-,-) 
  u_ibex_core/u_masked/cs_registers_i/minstret_counter_i/inc_ADD_UNS_OP_g1240__3680/cmo_xor1/Y (p)     A->Y  F     XOR2XL         3  0.8    53   174   38718    (-,-) 
  u_ibex_core/u_masked/cs_registers_i/minstret_counter_i/inc_ADD_UNS_OP_g1238__5526/cmo_and1/Y (p)     A->Y  F     AND2XL         1  0.2    23    74   38793    (-,-) 
  u_ibex_core/u_masked/cs_registers_i/minstret_counter_i/inc_ADD_UNS_OP_g1238__5526/cmo_xor1/Y (p)     A->Y  R     XOR2XL         3  0.8    44   182   38974    (-,-) 
  u_ibex_core/u_masked/cs_registers_i/minstret_counter_i/inc_ADD_UNS_OP_g1236__4319/cmo_and1/Y (p)     A->Y  R     AND2XL         1  0.2    20   118   39092    (-,-) 
  u_ibex_core/u_masked/cs_registers_i/minstret_counter_i/inc_ADD_UNS_OP_g1236__4319/cmo_xor1/Y (p)     A->Y  F     XOR2XL         3  0.8    53   174   39266    (-,-) 
  u_ibex_core/u_masked/cs_registers_i/minstret_counter_i/inc_ADD_UNS_OP_g1234__5107/cmo_and1/Y (p)     A->Y  F     AND2XL         1  0.2    23    74   39341    (-,-) 
  u_ibex_core/u_masked/cs_registers_i/minstret_counter_i/inc_ADD_UNS_OP_g1234__5107/cmo_xor1/Y (p)     A->Y  R     XOR2XL         3  0.8    44   182   39522    (-,-) 
  u_ibex_core/u_masked/cs_registers_i/minstret_counter_i/inc_ADD_UNS_OP_g1232__5477/cmo_and1/Y (p)     A->Y  R     AND2XL         1  0.2    20   118   39640    (-,-) 
  u_ibex_core/u_masked/cs_registers_i/minstret_counter_i/inc_ADD_UNS_OP_g1232__5477/cmo_xor1/Y (p)     A->Y  F     XOR2XL         3  0.8    53   174   39814    (-,-) 
  u_ibex_core/u_masked/cs_registers_i/minstret_counter_i/inc_ADD_UNS_OP_g1230__7410/cmo_and1/Y (p)     A->Y  F     AND2XL         1  0.2    23    74   39889    (-,-) 
  u_ibex_core/u_masked/cs_registers_i/minstret_counter_i/inc_ADD_UNS_OP_g1230__7410/cmo_xor1/Y (p)     A->Y  R     XOR2XL         3  0.8    44   182   40070    (-,-) 
  u_ibex_core/u_masked/cs_registers_i/minstret_counter_i/inc_ADD_UNS_OP_g1228__2346/cmo_and1/Y (p)     A->Y  R     AND2XL         1  0.2    20   118   40188    (-,-) 
  u_ibex_core/u_masked/cs_registers_i/minstret_counter_i/inc_ADD_UNS_OP_g1228__2346/cmo_xor1/Y (p)     A->Y  F     XOR2XL         3  0.8    53   174   40362    (-,-) 
  u_ibex_core/u_masked/cs_registers_i/minstret_counter_i/inc_ADD_UNS_OP_g1226__9945/cmo_and1/Y (p)     A->Y  F     AND2XL         1  0.2    23    74   40437    (-,-) 
  u_ibex_core/u_masked/cs_registers_i/minstret_counter_i/inc_ADD_UNS_OP_g1226__9945/cmo_xor1/Y (p)     A->Y  R     XOR2XL         3  0.8    44   182   40618    (-,-) 
  u_ibex_core/u_masked/cs_registers_i/minstret_counter_i/inc_ADD_UNS_OP_g1224__6161/cmo_and1/Y (p)     A->Y  R     AND2XL         1  0.2    20   118   40736    (-,-) 
  u_ibex_core/u_masked/cs_registers_i/minstret_counter_i/inc_ADD_UNS_OP_g1224__6161/cmo_xor1/Y (p)     A->Y  F     XOR2XL         3  0.8    53   174   40910    (-,-) 
  u_ibex_core/u_masked/cs_registers_i/minstret_counter_i/inc_ADD_UNS_OP_g1222__7482/cmo_and1/Y (p)     A->Y  F     AND2XL         1  0.2    23    74   40985    (-,-) 
  u_ibex_core/u_masked/cs_registers_i/minstret_counter_i/inc_ADD_UNS_OP_g1222__7482/cmo_xor1/Y (p)     A->Y  R     XOR2XL         3  0.8    44   182   41166    (-,-) 
  u_ibex_core/u_masked/cs_registers_i/minstret_counter_i/inc_ADD_UNS_OP_g1220__1881/cmo_and1/Y (p)     A->Y  R     AND2XL         1  0.2    20   118   41284    (-,-) 
  u_ibex_core/u_masked/cs_registers_i/minstret_counter_i/inc_ADD_UNS_OP_g1220__1881/cmo_xor1/Y (p)     A->Y  F     XOR2XL         3  0.8    53   174   41458    (-,-) 
  u_ibex_core/u_masked/cs_registers_i/minstret_counter_i/inc_ADD_UNS_OP_g1218__7098/cmo_and1/Y (p)     A->Y  F     AND2XL         1  0.2    23    74   41533    (-,-) 
  u_ibex_core/u_masked/cs_registers_i/minstret_counter_i/inc_ADD_UNS_OP_g1218__7098/cmo_xor1/Y (p)     A->Y  R     XOR2XL         3  0.8    44   182   41714    (-,-) 
  u_ibex_core/u_masked/cs_registers_i/minstret_counter_i/inc_ADD_UNS_OP_g1216__5122/cmo_and1/Y (p)     A->Y  R     AND2XL         1  0.2    20   118   41832    (-,-) 
  u_ibex_core/u_masked/cs_registers_i/minstret_counter_i/inc_ADD_UNS_OP_g1216__5122/cmo_xor1/Y (p)     A->Y  F     XOR2XL         3  0.8    53   174   42006    (-,-) 
  u_ibex_core/u_masked/cs_registers_i/minstret_counter_i/inc_ADD_UNS_OP_g1214__2802/cmo_and1/Y (p)     A->Y  F     AND2XL         1  0.2    23    74   42081    (-,-) 
  u_ibex_core/u_masked/cs_registers_i/minstret_counter_i/inc_ADD_UNS_OP_g1214__2802/cmo_xor1/Y (p)     A->Y  R     XOR2XL         3  0.8    44   182   42262    (-,-) 
  u_ibex_core/u_masked/cs_registers_i/minstret_counter_i/inc_ADD_UNS_OP_g1212__3680/cmo_and1/Y (p)     A->Y  R     AND2XL         1  0.2    20   118   42380    (-,-) 
  u_ibex_core/u_masked/cs_registers_i/minstret_counter_i/inc_ADD_UNS_OP_g1212__3680/cmo_xor1/Y (p)     A->Y  F     XOR2XL         3  0.8    53   174   42554    (-,-) 
  u_ibex_core/u_masked/cs_registers_i/minstret_counter_i/inc_ADD_UNS_OP_g1210__5526/cmo_and1/Y (p)     A->Y  F     AND2XL         1  0.2    23    74   42629    (-,-) 
  u_ibex_core/u_masked/cs_registers_i/minstret_counter_i/inc_ADD_UNS_OP_g1210__5526/cmo_xor1/Y (p)     A->Y  R     XOR2XL         3  0.8    44   182   42810    (-,-) 
  u_ibex_core/u_masked/cs_registers_i/minstret_counter_i/inc_ADD_UNS_OP_g1208__4319/cmo_and1/Y (p)     A->Y  R     AND2XL         1  0.2    20   118   42928    (-,-) 
  u_ibex_core/u_masked/cs_registers_i/minstret_counter_i/inc_ADD_UNS_OP_g1208__4319/cmo_xor1/Y (p)     A->Y  F     XOR2XL         3  0.8    53   174   43102    (-,-) 
  u_ibex_core/u_masked/cs_registers_i/minstret_counter_i/inc_ADD_UNS_OP_g1206__5107/cmo_and1/Y (p)     A->Y  F     AND2XL         1  0.2    23    74   43177    (-,-) 
  u_ibex_core/u_masked/cs_registers_i/minstret_counter_i/inc_ADD_UNS_OP_g1206__5107/cmo_xor1/Y (p)     A->Y  R     XOR2XL         3  0.8    44   182   43358    (-,-) 
  u_ibex_core/u_masked/cs_registers_i/minstret_counter_i/inc_ADD_UNS_OP_g1204__5477/cmo_and1/Y (p)     A->Y  R     AND2XL         1  0.2    20   118   43476    (-,-) 
  u_ibex_core/u_masked/cs_registers_i/minstret_counter_i/inc_ADD_UNS_OP_g1204__5477/cmo_xor1/Y (p)     A->Y  F     XOR2XL         3  0.8    53   174   43650    (-,-) 
  u_ibex_core/u_masked/cs_registers_i/minstret_counter_i/inc_ADD_UNS_OP_g1202__7410/cmo_and1/Y (p)     A->Y  F     AND2XL         1  0.2    23    74   43725    (-,-) 
  u_ibex_core/u_masked/cs_registers_i/minstret_counter_i/inc_ADD_UNS_OP_g1202__7410/cmo_xor1/Y (p)     A->Y  R     XOR2XL         3  0.8    44   182   43906    (-,-) 
  u_ibex_core/u_masked/cs_registers_i/minstret_counter_i/inc_ADD_UNS_OP_g1200__2346/cmo_and1/Y (p)     A->Y  R     AND2XL         1  0.2    20   118   44024    (-,-) 
  u_ibex_core/u_masked/cs_registers_i/minstret_counter_i/inc_ADD_UNS_OP_g1200__2346/cmo_xor1/Y (p)     A->Y  F     XOR2XL         3  0.8    53   174   44198    (-,-) 
  u_ibex_core/u_masked/cs_registers_i/minstret_counter_i/inc_ADD_UNS_OP_g1198__9945/cmo_and1/Y (p)     A->Y  F     AND2XL         1  0.2    23    74   44273    (-,-) 
  u_ibex_core/u_masked/cs_registers_i/minstret_counter_i/inc_ADD_UNS_OP_g1198__9945/cmo_xor1/Y (p)     A->Y  R     XOR2XL         3  0.8    44   182   44454    (-,-) 
  u_ibex_core/u_masked/cs_registers_i/minstret_counter_i/inc_ADD_UNS_OP_g1196__6161/cmo_and1/Y (p)     A->Y  R     AND2XL         1  0.2    20   118   44572    (-,-) 
  u_ibex_core/u_masked/cs_registers_i/minstret_counter_i/inc_ADD_UNS_OP_g1196__6161/cmo_xor1/Y (p)     A->Y  R     XOR2XL         3  0.8    44   146   44718    (-,-) 
  u_ibex_core/u_masked/cs_registers_i/minstret_counter_i/inc_ADD_UNS_OP_g1194__7482/cmo_and1/Y (p)     A->Y  R     AND2XL         1  0.2    20   118   44835    (-,-) 
  u_ibex_core/u_masked/cs_registers_i/minstret_counter_i/inc_ADD_UNS_OP_g1194__7482/cmo_xor1/Y (p)     A->Y  F     XOR2XL         1  0.4    34   164   45000    (-,-) 
  u_ibex_core/u_masked/cs_registers_i/minstret_counter_i/inc_ADD_UNS_OP_g1192__1881/cmo_xor1/Y (p)     B->Y  R     XOR2XL         2  0.5    33   121   45121    (-,-) 
  u_ibex_core/u_masked/cs_registers_i/minstret_counter_i/g2991__2398/cmo_and1/Y                (p)     A->Y  R     CLKAND2X2      1  0.2    19   105   45226    (-,-) 
  u_ibex_core/u_masked/cs_registers_i/minstret_counter_i/g2991__2398/cmo_xor1/Y                (p)     A->Y  F     XOR2XL         2  0.4    34   164   45390    (-,-) 
  u_ibex_core/u_masked/cs_registers_i/minstret_counter_i/g2868__7482/cmo_or0/Y                 (p)     B->Y  F     OR2XL          1  0.4    33    94   45484    (-,-) 
  u_ibex_core/u_masked/cs_registers_i/minstret_counter_i/g2868__7482/cmo_xor0/Y                (p)     B->Y  R     XOR2XL         2  0.7    40   125   45609    (-,-) 
  u_ibex_core/u_masked/cs_registers_i/minstret_counter_i/g2804__2802/cmo_and0/Y                (p)     B->Y  R     CLKAND2X3      1  0.2    18    92   45701    (-,-) 
  u_ibex_core/u_masked/cs_registers_i/minstret_counter_i/g2804__2802/cmo_xor0/Y                (p)     A->Y  F     XOR2XL         1  0.2    25   158   45860    (-,-) 
  u_ibex_core/u_masked/cs_registers_i/minstret_counter_i/counter_q_reg[63]/cmo_r0/Y            (p)     A->Y  R     XOR2XL         1  0.3    26   172   46032    (-,-) 
  u_ibex_core/u_masked/cs_registers_i/minstret_counter_i/counter_q_reg[63]/cmo_flop0/D         <<< (p) -     R     DFFRHQX1       1    -     -     0   46032    (-,-) 
#---------------------------------------------------------------------------------------------------------------------------------------------------------------------

(p) : Instance is preserved but may be resized

