============================================================
  Generated by:           Genus(TM) Synthesis Solution 21.18-s082_1
  Generated on:           Mar 19 2026  01:38:48 am
  Module:                 ibex_top
  Operating conditions:   PVT_0P9V_125C (balanced_tree)
  Wireload mode:          enclosed
  Area mode:              timing library
============================================================

Timing
--------

  Clock    Period 
------------------
CLK_GATED 32000.0 
CLK_RAND  32000.0 
MAIN_CLK  32000.0 


   Cost     Critical               Violating 
  Group    Path Slack     TNS        Paths   
---------------------------------------------
CLK_GATED    -14153.0   -772361.2        234 
CLK_RAND       2722.8         0.0          0 
default      No paths         0.0            
MAIN_CLK       5293.1         0.0          0 
---------------------------------------------
Total                   -772361.2        234 

Instance Count
--------------
Leaf Instance Count             100050 
Physical Instance count              0 
Sequential Instance Count         2874 
Combinational Instance Count     97176 
Hierarchical Instance Count      16293 

Area
----
Cell Area                          190415.750
Physical Cell Area                 0.000
Total Cell Area (Cell+Physical)    190415.750
Net Area                           0.000
Total Area (Cell+Physical+Net)     190415.750

Max Fanout                         2873 (clk)
Min Fanout                         0 (core_busy_d[1])
Average Fanout                     1.9
Terms to net ratio                 2.9641
Terms to instance ratio            2.9743
Runtime                            1225.2334079999994 seconds
Elapsed Runtime                    1266 seconds
Genus peak memory usage            2472.89 
Innovus peak memory usage          no_value 
Hostname                           net1580.net.ucf.edu
