============================================================
  Generated by:           Genus(TM) Synthesis Solution 21.18-s082_1
  Generated on:           Mar 19 2026  01:53:39 am
  Module:                 ibex_top
  Operating conditions:   PVT_1P08V_125C (balanced_tree)
  Wireload mode:          enclosed
  Area mode:              timing library
============================================================

Timing
--------

  Clock    Period 
------------------
CLK_GATED 32000.0 
CLK_RAND  32000.0 
MAIN_CLK  32000.0 


   Cost     Critical         Violating 
  Group    Path Slack  TNS     Paths   
---------------------------------------
CLK_GATED      6388.7   0.0          0 
CLK_RAND      12099.4   0.0          0 
default      No paths   0.0            
MAIN_CLK      16412.5   0.0          0 
---------------------------------------
Total                   0.0          0 

Instance Count
--------------
Leaf Instance Count             99970 
Physical Instance count             0 
Sequential Instance Count        2874 
Combinational Instance Count    97096 
Hierarchical Instance Count     16293 

Area
----
Cell Area                          189946.458
Physical Cell Area                 0.000
Total Cell Area (Cell+Physical)    189946.458
Net Area                           0.000
Total Area (Cell+Physical+Net)     189946.458

Max Fanout                         2873 (clk)
Min Fanout                         0 (core_busy_d[1])
Average Fanout                     1.9
Terms to net ratio                 2.9649
Terms to instance ratio            2.9751
Runtime                            601.8099810000014 seconds
Elapsed Runtime                    638 seconds
Genus peak memory usage            2335.94 
Innovus peak memory usage          no_value 
Hostname                           net1580.net.ucf.edu
