============================================================
  Generated by:           Genus(TM) Synthesis Solution 21.18-s082_1
  Generated on:           Mar 19 2026  01:53:31 am
  Module:                 ibex_top
  Operating conditions:   PVT_1P08V_125C (balanced_tree)
  Wireload mode:          enclosed
  Area mode:              timing library
============================================================


Path 1: MET (6389 ps) Setup Check with Pin u_ibex_core/u_masked/cs_registers_i/minstret_counter_i/counter_q_reg[63]/cmo_flop0/CK->D
          Group: CLK_GATED
     Startpoint: (R) u_ibex_core/u_masked/if_stage_i/instr_rdata_alu_id_o_reg[31]/cmo_flop0/CK
          Clock: (R) CLK_GATED
       Endpoint: (R) u_ibex_core/u_masked/cs_registers_i/minstret_counter_i/counter_q_reg[63]/cmo_flop0/D
          Clock: (R) CLK_GATED

                     Capture       Launch     
        Clock Edge:+   32000            0     
       Src Latency:+       0            0     
       Net Latency:+       0 (I)        0 (I) 
           Arrival:=   32000            0     
                                              
             Setup:-      60                  
     Required Time:=   31940                  
      Launch Clock:-       0                  
         Data Path:-   25551                  
             Slack:=    6389                  

#---------------------------------------------------------------------------------------------------------------------------------------------------------------------
#                                        Timing Point                                          Flags   Arc   Edge   Cell     Fanout Load Trans Delay Arrival Instance 
#                                                                                                                                   (fF)  (ps)  (ps)   (ps)  Location 
#---------------------------------------------------------------------------------------------------------------------------------------------------------------------
  u_ibex_core/u_masked/if_stage_i/instr_rdata_alu_id_o_reg[31]/cmo_flop0/CK                    -       -     R     (arrival)   1881    -     0     0       0    (-,-) 
  u_ibex_core/u_masked/if_stage_i/instr_rdata_alu_id_o_reg[31]/cmo_flop0/Q                     (p)     CK->Q R     DFFRHQX1      34  6.8    94   174     174    (-,-) 
  u_ibex_core/u_masked/id_stage_i/decoder_i/g6718/cmo_and0/Y                                   (p)     A->Y  R     AND2XL         1  0.2    12    85     258    (-,-) 
  u_ibex_core/u_masked/id_stage_i/decoder_i/g6718/cmo_xor0/Y                                   (p)     A->Y  F     XOR2XL         2  0.4    19    93     352    (-,-) 
  u_ibex_core/u_masked/id_stage_i/decoder_i/g6668/cmo_and0/Y                                   (p)     B->Y  F     AND2XL         1  0.2    13    34     385    (-,-) 
  u_ibex_core/u_masked/id_stage_i/decoder_i/g6668/cmo_xor0/Y                                   (p)     A->Y  R     XOR2XL         2  0.4    17    94     480    (-,-) 
  u_ibex_core/u_masked/id_stage_i/decoder_i/g6644/cmo_and0/Y                                   (p)     B->Y  R     AND2XL         1  0.2    12    53     532    (-,-) 
  u_ibex_core/u_masked/id_stage_i/decoder_i/g6644/cmo_xor0/Y                                   (p)     A->Y  F     CLKXOR2X1      8  1.6    33   109     641    (-,-) 
  u_ibex_core/u_masked/id_stage_i/decoder_i/g6609/cmo_and0/Y                                   (p)     B->Y  F     AND2XL         1  0.2    13    38     679    (-,-) 
  u_ibex_core/u_masked/id_stage_i/decoder_i/g6609/cmo_xor0/Y                                   (p)     A->Y  R     CLKXOR2X1     12  2.4    40   116     795    (-,-) 
  u_ibex_core/u_masked/id_stage_i/decoder_i/g6594/cmo_and0/Y                                   (p)     A->Y  R     AND2XL         1  0.2    12    66     861    (-,-) 
  u_ibex_core/u_masked/id_stage_i/decoder_i/g6594/cmo_xor0/Y                                   (p)     A->Y  F     XOR2XL         4  0.8    30    99     960    (-,-) 
  u_ibex_core/u_masked/id_stage_i/decoder_i/g6548/cmo_and0/Y                                   (p)     A->Y  F     AND2XL         1  0.2    13    40    1001    (-,-) 
  u_ibex_core/u_masked/id_stage_i/decoder_i/g6548/cmo_xor0/Y                                   (p)     A->Y  R     XOR2XL         2  0.4    17    94    1095    (-,-) 
  u_ibex_core/u_masked/id_stage_i/decoder_i/g6504/cmo_and0/Y                                   (p)     B->Y  R     AND2XL         1  0.2    12    53    1147    (-,-) 
  u_ibex_core/u_masked/id_stage_i/decoder_i/g6504/cmo_xor0/Y                                   (p)     A->Y  F     XOR2XL         2  0.4    19    93    1240    (-,-) 
  u_ibex_core/u_masked/id_stage_i/decoder_i/g6484/cmo_and0/Y                                   (p)     A->Y  F     AND2XL         1  0.2    13    37    1278    (-,-) 
  u_ibex_core/u_masked/id_stage_i/decoder_i/g6484/cmo_xor0/Y                                   (p)     A->Y  R     XOR2XL         2  0.4    17    94    1372    (-,-) 
  u_ibex_core/u_masked/id_stage_i/decoder_i/g6467/cmo_and0/Y                                   (p)     B->Y  R     AND2XL         1  0.2    12    53    1424    (-,-) 
  u_ibex_core/u_masked/id_stage_i/decoder_i/g6467/cmo_xor0/Y                                   (p)     A->Y  F     CLKXOR2X1      6  1.2    28   106    1530    (-,-) 
  u_ibex_core/u_masked/id_stage_i/decoder_i/g6443/cmo_or1/Y                                    (p)     B->Y  F     OR2XL          1  0.2    13    52    1582    (-,-) 
  u_ibex_core/u_masked/id_stage_i/decoder_i/g6443/cmo_xor1/Y                                   (p)     A->Y  R     CLKXOR2X1     18  4.5    67   131    1713    (-,-) 
  u_ibex_core/u_masked/ex_block_i/alu_i/g5547/cmo_buf0/Y                                       (p)     A->Y  R     BUFX2          4  0.8    14    67    1780    (-,-) 
  u_ibex_core/u_masked/ex_block_i/alu_i/g5524/cmo_and1/Y                                       (p)     B->Y  R     AND2XL         1  0.5    18    56    1836    (-,-) 
  u_ibex_core/u_masked/ex_block_i/alu_i/g5524/cmo_xor1/Y                                       (p)     B->Y  F     CLKXOR2X1      3  0.8    22    86    1922    (-,-) 
  u_ibex_core/u_masked/ex_block_i/alu_i/g5420/g0/Y                                             (p)     A->Y  R     INVX1          2  0.4    12    18    1940    (-,-) 
  u_ibex_core/u_masked/ex_block_i/alu_i/g5420/cmo_or0/Y                                        (p)     B->Y  R     OR2XL          1  0.5    18    34    1975    (-,-) 
  u_ibex_core/u_masked/ex_block_i/alu_i/g5420/cmo_xor0/Y                                       (p)     B->Y  F     XOR2XL         1  0.4    19    77    2052    (-,-) 
  u_ibex_core/u_masked/ex_block_i/alu_i/g5402/cmo_inv0/Y                                       (p)     A->Y  R     INVX1          5  1.2    22    22    2074    (-,-) 
  u_ibex_core/u_masked/ex_block_i/alu_i/g5382/cmo_and0/Y                                       (p)     B->Y  R     AND2XL         1  0.2    12    54    2128    (-,-) 
  u_ibex_core/u_masked/ex_block_i/alu_i/g5382/cmo_xor0/Y                                       (p)     A->Y  F     XOR2XL         2  0.4    19    93    2222    (-,-) 
  u_ibex_core/u_masked/ex_block_i/alu_i/g5379/cmo_and0/Y                                       (p)     A->Y  F     AND2XL         1  0.2    13    37    2259    (-,-) 
  u_ibex_core/u_masked/ex_block_i/alu_i/g5379/cmo_xor0/Y                                       (p)     A->Y  R     XOR2XL         2  0.4    17    94    2353    (-,-) 
  u_ibex_core/u_masked/ex_block_i/alu_i/g5376/cmo_and0/Y                                       (p)     A->Y  R     AND2XL         1  0.2    12    58    2411    (-,-) 
  u_ibex_core/u_masked/ex_block_i/alu_i/g5376/cmo_xor0/Y                                       (p)     A->Y  F     XOR2XL         1  0.4    19    93    2504    (-,-) 
  u_ibex_core/u_masked/ex_block_i/alu_i/g5375/cmo_inv0/Y                                       (p)     A->Y  R     INVX1          2  0.4    12    17    2520    (-,-) 
  u_ibex_core/u_masked/ex_block_i/alu_i/g5374/cmo_and0/Y                                       (p)     A->Y  R     AND2XL         1  0.2    12    56    2576    (-,-) 
  u_ibex_core/u_masked/ex_block_i/alu_i/g5374/cmo_xor0/Y                                       (p)     A->Y  F     XOR2XL         2  0.4    19    93    2670    (-,-) 
  u_ibex_core/u_masked/ex_block_i/alu_i/g5373/cmo_or1/Y                                        (p)     B->Y  F     OR2XL          1  0.2    13    49    2719    (-,-) 
  u_ibex_core/u_masked/ex_block_i/alu_i/g5373/cmo_xor1/Y                                       (p)     A->Y  R     XOR2XL         2  0.4    17    94    2813    (-,-) 
  u_ibex_core/u_masked/ex_block_i/alu_i/g5372/cmo_buf0/Y                                       (p)     A->Y  R     BUFX2          2  0.4    11    47    2860    (-,-) 
  u_ibex_core/u_masked/ex_block_i/alu_i/g5371/cmo_and1/Y                                       (p)     A->Y  R     AND2XL         1  0.2    12    56    2915    (-,-) 
  u_ibex_core/u_masked/ex_block_i/alu_i/g5371/cmo_xor1/Y                                       (p)     A->Y  F     CLKXOR2X1     66 13.2   202   202    3118    (-,-) 
  u_ibex_core/u_masked/ex_block_i/alu_i/g5370/cmo_or0/Y                                        (p)     B->Y  F     OR2XL          1  0.4    19   104    3222    (-,-) 
  u_ibex_core/u_masked/ex_block_i/alu_i/g5370/cmo_xor0/Y                                       (p)     B->Y  R     XOR2XL         4  1.0    30    70    3292    (-,-) 
  u_ibex_core/u_masked/ex_block_i/alu_i/g5353/cmo_inv0/Y                                       (p)     A->Y  F     INVX1         64 12.8   195   124    3415    (-,-) 
  u_ibex_core/u_masked/ex_block_i/alu_i/g5274/cmo_and0/Y                                       (p)     A->Y  F     AND2XL         1  0.2    13    91    3506    (-,-) 
  u_ibex_core/u_masked/ex_block_i/alu_i/g5274/cmo_xor0/Y                                       (p)     A->Y  R     XOR2XL         2  0.4    17    94    3600    (-,-) 
  u_ibex_core/u_masked/ex_block_i/alu_i/g5245/cmo_and0/Y                                       (p)     B->Y  R     AND2XL         1  0.2    12    53    3653    (-,-) 
  u_ibex_core/u_masked/ex_block_i/alu_i/g5245/cmo_xor0/Y                                       (p)     A->Y  F     XOR2XL         4  0.8    30    99    3752    (-,-) 
  u_ibex_core/u_masked/ex_block_i/alu_i/add_105_53_g2216/cmo_and0/Y                            (p)     B->Y  F     AND2XL         1  0.2    13    37    3788    (-,-) 
  u_ibex_core/u_masked/ex_block_i/alu_i/add_105_53_g2216/cmo_xor0/Y                            (p)     A->Y  R     XOR2XL         4  0.8    26    99    3888    (-,-) 
  u_ibex_core/u_masked/ex_block_i/alu_i/add_105_53_g2152/cmo_and0/Y                            (p)     A->Y  R     AND2XL         1  0.2    12    61    3948    (-,-) 
  u_ibex_core/u_masked/ex_block_i/alu_i/add_105_53_g2152/cmo_xor0/Y                            (p)     A->Y  F     XOR2XL         2  0.4    19    93    4041    (-,-) 
  u_ibex_core/u_masked/ex_block_i/alu_i/add_105_53_g2151/cmo_or1/Y                             (p)     B->Y  F     OR2XL          1  0.2    13    49    4090    (-,-) 
  u_ibex_core/u_masked/ex_block_i/alu_i/add_105_53_g2151/cmo_xor1/Y                            (p)     A->Y  R     XOR2XL         3  0.9    28   101    4191    (-,-) 
  u_ibex_core/u_masked/ex_block_i/alu_i/add_105_53_g2149/cmo_and1/Y                            (p)     A->Y  R     AND2XL         1  0.2    12    62    4253    (-,-) 
  u_ibex_core/u_masked/ex_block_i/alu_i/add_105_53_g2149/cmo_xor1/Y                            (p)     A->Y  F     XOR2XL         2  0.4    19    93    4346    (-,-) 
  u_ibex_core/u_masked/ex_block_i/alu_i/add_105_53_g2147/cmo_or0/Y                             (p)     B->Y  F     OR2XL          1  0.4    18    52    4398    (-,-) 
  u_ibex_core/u_masked/ex_block_i/alu_i/add_105_53_g2147/cmo_xor0/Y                            (p)     B->Y  R     XOR2XL         3  0.9    28    69    4467    (-,-) 
  u_ibex_core/u_masked/ex_block_i/alu_i/add_105_53_g2146/cmo_and0/Y                            (p)     A->Y  R     AND2XL         1  0.2    12    62    4528    (-,-) 
  u_ibex_core/u_masked/ex_block_i/alu_i/add_105_53_g2146/cmo_xor0/Y                            (p)     A->Y  F     XOR2XL         2  0.4    19    93    4621    (-,-) 
  u_ibex_core/u_masked/ex_block_i/alu_i/add_105_53_g2144/cmo_or1/Y                             (p)     B->Y  F     OR2XL          1  0.2    13    49    4670    (-,-) 
  u_ibex_core/u_masked/ex_block_i/alu_i/add_105_53_g2144/cmo_xor1/Y                            (p)     A->Y  R     XOR2XL         3  0.9    28   101    4771    (-,-) 
  u_ibex_core/u_masked/ex_block_i/alu_i/add_105_53_g2143/cmo_and1/Y                            (p)     A->Y  R     AND2XL         1  0.2    12    62    4833    (-,-) 
  u_ibex_core/u_masked/ex_block_i/alu_i/add_105_53_g2143/cmo_xor1/Y                            (p)     A->Y  F     XOR2XL         2  0.4    19    93    4926    (-,-) 
  u_ibex_core/u_masked/ex_block_i/alu_i/add_105_53_g2141/cmo_or0/Y                             (p)     B->Y  F     OR2XL          1  0.4    18    52    4978    (-,-) 
  u_ibex_core/u_masked/ex_block_i/alu_i/add_105_53_g2141/cmo_xor0/Y                            (p)     B->Y  R     XOR2XL         3  0.9    28    69    5046    (-,-) 
  u_ibex_core/u_masked/ex_block_i/alu_i/add_105_53_g2140/cmo_and0/Y                            (p)     A->Y  R     AND2XL         1  0.2    12    62    5108    (-,-) 
  u_ibex_core/u_masked/ex_block_i/alu_i/add_105_53_g2140/cmo_xor0/Y                            (p)     A->Y  F     XOR2XL         2  0.4    19    93    5201    (-,-) 
  u_ibex_core/u_masked/ex_block_i/alu_i/add_105_53_g2138/cmo_or1/Y                             (p)     B->Y  F     OR2XL          1  0.2    13    49    5250    (-,-) 
  u_ibex_core/u_masked/ex_block_i/alu_i/add_105_53_g2138/cmo_xor1/Y                            (p)     A->Y  R     XOR2XL         3  0.9    28   101    5351    (-,-) 
  u_ibex_core/u_masked/ex_block_i/alu_i/add_105_53_g2137/cmo_and1/Y                            (p)     A->Y  R     AND2XL         1  0.2    12    62    5413    (-,-) 
  u_ibex_core/u_masked/ex_block_i/alu_i/add_105_53_g2137/cmo_xor1/Y                            (p)     A->Y  F     XOR2XL         2  0.4    19    93    5506    (-,-) 
  u_ibex_core/u_masked/ex_block_i/alu_i/add_105_53_g2135/cmo_or0/Y                             (p)     B->Y  F     OR2XL          1  0.4    18    52    5558    (-,-) 
  u_ibex_core/u_masked/ex_block_i/alu_i/add_105_53_g2135/cmo_xor0/Y                            (p)     B->Y  R     XOR2XL         3  0.9    28    69    5626    (-,-) 
  u_ibex_core/u_masked/ex_block_i/alu_i/add_105_53_g2134/cmo_and0/Y                            (p)     A->Y  R     AND2XL         1  0.2    12    62    5688    (-,-) 
  u_ibex_core/u_masked/ex_block_i/alu_i/add_105_53_g2134/cmo_xor0/Y                            (p)     A->Y  F     XOR2XL         2  0.4    19    93    5781    (-,-) 
  u_ibex_core/u_masked/ex_block_i/alu_i/add_105_53_g2132/cmo_or1/Y                             (p)     B->Y  F     OR2XL          1  0.2    13    49    5830    (-,-) 
  u_ibex_core/u_masked/ex_block_i/alu_i/add_105_53_g2132/cmo_xor1/Y                            (p)     A->Y  R     XOR2XL         3  0.9    28   101    5931    (-,-) 
  u_ibex_core/u_masked/ex_block_i/alu_i/add_105_53_g2131/cmo_and1/Y                            (p)     A->Y  R     AND2XL         1  0.2    12    62    5992    (-,-) 
  u_ibex_core/u_masked/ex_block_i/alu_i/add_105_53_g2131/cmo_xor1/Y                            (p)     A->Y  F     XOR2XL         2  0.4    19    93    6086    (-,-) 
  u_ibex_core/u_masked/ex_block_i/alu_i/add_105_53_g2129/cmo_or0/Y                             (p)     B->Y  F     OR2XL          1  0.4    18    52    6138    (-,-) 
  u_ibex_core/u_masked/ex_block_i/alu_i/add_105_53_g2129/cmo_xor0/Y                            (p)     B->Y  R     XOR2XL         3  0.9    28    69    6206    (-,-) 
  u_ibex_core/u_masked/ex_block_i/alu_i/add_105_53_g2128/cmo_and0/Y                            (p)     A->Y  R     AND2XL         1  0.2    12    62    6268    (-,-) 
  u_ibex_core/u_masked/ex_block_i/alu_i/add_105_53_g2128/cmo_xor0/Y                            (p)     A->Y  F     XOR2XL         2  0.4    19    93    6361    (-,-) 
  u_ibex_core/u_masked/ex_block_i/alu_i/add_105_53_g2126/cmo_or1/Y                             (p)     B->Y  F     OR2XL          1  0.2    13    49    6410    (-,-) 
  u_ibex_core/u_masked/ex_block_i/alu_i/add_105_53_g2126/cmo_xor1/Y                            (p)     A->Y  R     XOR2XL         3  0.9    28   101    6511    (-,-) 
  u_ibex_core/u_masked/ex_block_i/alu_i/add_105_53_g2125/cmo_and1/Y                            (p)     A->Y  R     AND2XL         1  0.2    12    62    6572    (-,-) 
  u_ibex_core/u_masked/ex_block_i/alu_i/add_105_53_g2125/cmo_xor1/Y                            (p)     A->Y  F     XOR2XL         2  0.4    19    93    6665    (-,-) 
  u_ibex_core/u_masked/ex_block_i/alu_i/add_105_53_g2123/cmo_or0/Y                             (p)     B->Y  F     OR2XL          1  0.4    18    52    6718    (-,-) 
  u_ibex_core/u_masked/ex_block_i/alu_i/add_105_53_g2123/cmo_xor0/Y                            (p)     B->Y  R     XOR2XL         3  0.9    28    69    6786    (-,-) 
  u_ibex_core/u_masked/ex_block_i/alu_i/add_105_53_g2122/cmo_and0/Y                            (p)     A->Y  R     AND2XL         1  0.2    12    62    6848    (-,-) 
  u_ibex_core/u_masked/ex_block_i/alu_i/add_105_53_g2122/cmo_xor0/Y                            (p)     A->Y  F     XOR2XL         2  0.4    19    93    6941    (-,-) 
  u_ibex_core/u_masked/ex_block_i/alu_i/add_105_53_g2120/cmo_or1/Y                             (p)     B->Y  F     OR2XL          1  0.2    13    49    6990    (-,-) 
  u_ibex_core/u_masked/ex_block_i/alu_i/add_105_53_g2120/cmo_xor1/Y                            (p)     A->Y  R     XOR2XL         3  0.9    28   101    7091    (-,-) 
  u_ibex_core/u_masked/ex_block_i/alu_i/add_105_53_g2119/cmo_and1/Y                            (p)     A->Y  R     AND2XL         1  0.2    12    62    7152    (-,-) 
  u_ibex_core/u_masked/ex_block_i/alu_i/add_105_53_g2119/cmo_xor1/Y                            (p)     A->Y  F     XOR2XL         2  0.4    19    93    7245    (-,-) 
  u_ibex_core/u_masked/ex_block_i/alu_i/add_105_53_g2117/cmo_or0/Y                             (p)     B->Y  F     OR2XL          1  0.4    18    52    7297    (-,-) 
  u_ibex_core/u_masked/ex_block_i/alu_i/add_105_53_g2117/cmo_xor0/Y                            (p)     B->Y  R     XOR2XL         3  0.9    28    69    7366    (-,-) 
  u_ibex_core/u_masked/ex_block_i/alu_i/add_105_53_g2116/cmo_and0/Y                            (p)     A->Y  R     AND2XL         1  0.2    12    62    7428    (-,-) 
  u_ibex_core/u_masked/ex_block_i/alu_i/add_105_53_g2116/cmo_xor0/Y                            (p)     A->Y  F     XOR2XL         2  0.4    19    93    7521    (-,-) 
  u_ibex_core/u_masked/ex_block_i/alu_i/add_105_53_g2114/cmo_or1/Y                             (p)     B->Y  F     OR2XL          1  0.2    13    49    7570    (-,-) 
  u_ibex_core/u_masked/ex_block_i/alu_i/add_105_53_g2114/cmo_xor1/Y                            (p)     A->Y  R     XOR2XL         3  0.9    28   101    7670    (-,-) 
  u_ibex_core/u_masked/ex_block_i/alu_i/add_105_53_g2113/cmo_and1/Y                            (p)     A->Y  R     AND2XL         1  0.2    12    62    7732    (-,-) 
  u_ibex_core/u_masked/ex_block_i/alu_i/add_105_53_g2113/cmo_xor1/Y                            (p)     A->Y  F     XOR2XL         2  0.4    19    93    7825    (-,-) 
  u_ibex_core/u_masked/ex_block_i/alu_i/add_105_53_g2111/cmo_or0/Y                             (p)     B->Y  F     OR2XL          1  0.4    18    52    7877    (-,-) 
  u_ibex_core/u_masked/ex_block_i/alu_i/add_105_53_g2111/cmo_xor0/Y                            (p)     B->Y  R     XOR2XL         3  0.9    28    69    7946    (-,-) 
  u_ibex_core/u_masked/ex_block_i/alu_i/add_105_53_g2110/cmo_and0/Y                            (p)     A->Y  R     AND2XL         1  0.2    12    62    8008    (-,-) 
  u_ibex_core/u_masked/ex_block_i/alu_i/add_105_53_g2110/cmo_xor0/Y                            (p)     A->Y  F     XOR2XL         2  0.4    19    93    8101    (-,-) 
  u_ibex_core/u_masked/ex_block_i/alu_i/add_105_53_g2108/cmo_or1/Y                             (p)     B->Y  F     OR2XL          1  0.2    13    49    8150    (-,-) 
  u_ibex_core/u_masked/ex_block_i/alu_i/add_105_53_g2108/cmo_xor1/Y                            (p)     A->Y  R     XOR2XL         3  0.9    28   101    8250    (-,-) 
  u_ibex_core/u_masked/ex_block_i/alu_i/add_105_53_g2107/cmo_and1/Y                            (p)     A->Y  R     AND2XL         1  0.2    12    62    8312    (-,-) 
  u_ibex_core/u_masked/ex_block_i/alu_i/add_105_53_g2107/cmo_xor1/Y                            (p)     A->Y  F     XOR2XL         2  0.4    19    93    8405    (-,-) 
  u_ibex_core/u_masked/ex_block_i/alu_i/add_105_53_g2105/cmo_or0/Y                             (p)     B->Y  F     OR2XL          1  0.4    18    52    8457    (-,-) 
  u_ibex_core/u_masked/ex_block_i/alu_i/add_105_53_g2105/cmo_xor0/Y                            (p)     B->Y  R     XOR2XL         3  0.9    28    69    8526    (-,-) 
  u_ibex_core/u_masked/ex_block_i/alu_i/add_105_53_g2104/cmo_and0/Y                            (p)     A->Y  R     AND2XL         1  0.2    12    62    8588    (-,-) 
  u_ibex_core/u_masked/ex_block_i/alu_i/add_105_53_g2104/cmo_xor0/Y                            (p)     A->Y  F     XOR2XL         2  0.4    19    93    8681    (-,-) 
  u_ibex_core/u_masked/ex_block_i/alu_i/add_105_53_g2102/cmo_or1/Y                             (p)     B->Y  F     OR2XL          1  0.2    13    49    8730    (-,-) 
  u_ibex_core/u_masked/ex_block_i/alu_i/add_105_53_g2102/cmo_xor1/Y                            (p)     A->Y  R     XOR2XL         3  0.9    28   101    8830    (-,-) 
  u_ibex_core/u_masked/ex_block_i/alu_i/add_105_53_g2101/cmo_and1/Y                            (p)     A->Y  R     AND2XL         1  0.2    12    62    8892    (-,-) 
  u_ibex_core/u_masked/ex_block_i/alu_i/add_105_53_g2101/cmo_xor1/Y                            (p)     A->Y  F     XOR2XL         2  0.4    19    93    8985    (-,-) 
  u_ibex_core/u_masked/ex_block_i/alu_i/add_105_53_g2099/cmo_or0/Y                             (p)     B->Y  F     OR2XL          1  0.4    18    52    9037    (-,-) 
  u_ibex_core/u_masked/ex_block_i/alu_i/add_105_53_g2099/cmo_xor0/Y                            (p)     B->Y  R     XOR2XL         3  0.9    28    69    9106    (-,-) 
  u_ibex_core/u_masked/ex_block_i/alu_i/add_105_53_g2098/cmo_and0/Y                            (p)     A->Y  R     AND2XL         1  0.2    12    62    9168    (-,-) 
  u_ibex_core/u_masked/ex_block_i/alu_i/add_105_53_g2098/cmo_xor0/Y                            (p)     A->Y  F     XOR2XL         2  0.4    19    93    9260    (-,-) 
  u_ibex_core/u_masked/ex_block_i/alu_i/add_105_53_g2096/cmo_or1/Y                             (p)     B->Y  F     OR2XL          1  0.2    13    49    9310    (-,-) 
  u_ibex_core/u_masked/ex_block_i/alu_i/add_105_53_g2096/cmo_xor1/Y                            (p)     A->Y  R     XOR2XL         3  0.9    28   101    9410    (-,-) 
  u_ibex_core/u_masked/ex_block_i/alu_i/add_105_53_g2095/cmo_and1/Y                            (p)     A->Y  R     AND2XL         1  0.2    12    62    9472    (-,-) 
  u_ibex_core/u_masked/ex_block_i/alu_i/add_105_53_g2095/cmo_xor1/Y                            (p)     A->Y  F     XOR2XL         2  0.4    19    93    9565    (-,-) 
  u_ibex_core/u_masked/ex_block_i/alu_i/add_105_53_g2093/cmo_or0/Y                             (p)     B->Y  F     OR2XL          1  0.4    18    52    9617    (-,-) 
  u_ibex_core/u_masked/ex_block_i/alu_i/add_105_53_g2093/cmo_xor0/Y                            (p)     B->Y  R     XOR2XL         3  0.9    28    69    9686    (-,-) 
  u_ibex_core/u_masked/ex_block_i/alu_i/add_105_53_g2092/cmo_and0/Y                            (p)     A->Y  R     AND2XL         1  0.2    12    62    9747    (-,-) 
  u_ibex_core/u_masked/ex_block_i/alu_i/add_105_53_g2092/cmo_xor0/Y                            (p)     A->Y  F     XOR2XL         2  0.4    19    93    9840    (-,-) 
  u_ibex_core/u_masked/ex_block_i/alu_i/add_105_53_g2090/cmo_or1/Y                             (p)     B->Y  F     OR2XL          1  0.2    13    49    9890    (-,-) 
  u_ibex_core/u_masked/ex_block_i/alu_i/add_105_53_g2090/cmo_xor1/Y                            (p)     A->Y  R     XOR2XL         3  0.9    28   101    9990    (-,-) 
  u_ibex_core/u_masked/ex_block_i/alu_i/add_105_53_g2089/cmo_and1/Y                            (p)     A->Y  R     AND2XL         1  0.2    12    62   10052    (-,-) 
  u_ibex_core/u_masked/ex_block_i/alu_i/add_105_53_g2089/cmo_xor1/Y                            (p)     A->Y  F     XOR2XL         2  0.4    19    93   10145    (-,-) 
  u_ibex_core/u_masked/ex_block_i/alu_i/add_105_53_g2087/cmo_or0/Y                             (p)     B->Y  F     OR2XL          1  0.4    18    52   10197    (-,-) 
  u_ibex_core/u_masked/ex_block_i/alu_i/add_105_53_g2087/cmo_xor0/Y                            (p)     B->Y  R     XOR2XL         3  0.9    28    69   10266    (-,-) 
  u_ibex_core/u_masked/ex_block_i/alu_i/add_105_53_g2086/cmo_and0/Y                            (p)     A->Y  R     AND2XL         1  0.2    12    62   10327    (-,-) 
  u_ibex_core/u_masked/ex_block_i/alu_i/add_105_53_g2086/cmo_xor0/Y                            (p)     A->Y  F     XOR2XL         2  0.4    19    93   10420    (-,-) 
  u_ibex_core/u_masked/ex_block_i/alu_i/add_105_53_g2084/cmo_or1/Y                             (p)     B->Y  F     OR2XL          1  0.2    13    49   10469    (-,-) 
  u_ibex_core/u_masked/ex_block_i/alu_i/add_105_53_g2084/cmo_xor1/Y                            (p)     A->Y  R     XOR2XL         3  0.9    28   101   10570    (-,-) 
  u_ibex_core/u_masked/ex_block_i/alu_i/add_105_53_g2083/cmo_and1/Y                            (p)     A->Y  R     AND2XL         1  0.2    12    62   10632    (-,-) 
  u_ibex_core/u_masked/ex_block_i/alu_i/add_105_53_g2083/cmo_xor1/Y                            (p)     A->Y  F     XOR2XL         2  0.4    19    93   10725    (-,-) 
  u_ibex_core/u_masked/ex_block_i/alu_i/add_105_53_g2081/cmo_or0/Y                             (p)     B->Y  F     OR2XL          1  0.4    18    52   10777    (-,-) 
  u_ibex_core/u_masked/ex_block_i/alu_i/add_105_53_g2081/cmo_xor0/Y                            (p)     B->Y  R     XOR2XL         3  0.9    28    69   10846    (-,-) 
  u_ibex_core/u_masked/ex_block_i/alu_i/add_105_53_g2080/cmo_and0/Y                            (p)     A->Y  R     AND2XL         1  0.2    12    62   10907    (-,-) 
  u_ibex_core/u_masked/ex_block_i/alu_i/add_105_53_g2080/cmo_xor0/Y                            (p)     A->Y  F     XOR2XL         2  0.4    19    93   11000    (-,-) 
  u_ibex_core/u_masked/ex_block_i/alu_i/add_105_53_g2078/cmo_or1/Y                             (p)     B->Y  F     OR2XL          1  0.2    13    49   11049    (-,-) 
  u_ibex_core/u_masked/ex_block_i/alu_i/add_105_53_g2078/cmo_xor1/Y                            (p)     A->Y  R     XOR2XL         3  0.9    28   101   11150    (-,-) 
  u_ibex_core/u_masked/ex_block_i/alu_i/add_105_53_g2077/cmo_and1/Y                            (p)     A->Y  R     AND2XL         1  0.2    12    62   11212    (-,-) 
  u_ibex_core/u_masked/ex_block_i/alu_i/add_105_53_g2077/cmo_xor1/Y                            (p)     A->Y  F     XOR2XL         2  0.4    19    93   11305    (-,-) 
  u_ibex_core/u_masked/ex_block_i/alu_i/add_105_53_g2075/cmo_or0/Y                             (p)     B->Y  F     OR2XL          1  0.4    18    52   11357    (-,-) 
  u_ibex_core/u_masked/ex_block_i/alu_i/add_105_53_g2075/cmo_xor0/Y                            (p)     B->Y  R     XOR2XL         3  0.9    28    69   11425    (-,-) 
  u_ibex_core/u_masked/ex_block_i/alu_i/add_105_53_g2074/cmo_and0/Y                            (p)     A->Y  R     AND2XL         1  0.2    12    62   11487    (-,-) 
  u_ibex_core/u_masked/ex_block_i/alu_i/add_105_53_g2074/cmo_xor0/Y                            (p)     A->Y  F     XOR2XL         2  0.4    19    93   11580    (-,-) 
  u_ibex_core/u_masked/ex_block_i/alu_i/add_105_53_g2072/cmo_or1/Y                             (p)     B->Y  F     OR2XL          1  0.2    13    49   11629    (-,-) 
  u_ibex_core/u_masked/ex_block_i/alu_i/add_105_53_g2072/cmo_xor1/Y                            (p)     A->Y  R     XOR2XL         3  0.9    28   101   11730    (-,-) 
  u_ibex_core/u_masked/ex_block_i/alu_i/add_105_53_g2071/cmo_and1/Y                            (p)     A->Y  R     AND2XL         1  0.2    12    62   11792    (-,-) 
  u_ibex_core/u_masked/ex_block_i/alu_i/add_105_53_g2071/cmo_xor1/Y                            (p)     A->Y  F     XOR2XL         2  0.4    19    93   11884    (-,-) 
  u_ibex_core/u_masked/ex_block_i/alu_i/add_105_53_g2069/cmo_or0/Y                             (p)     B->Y  F     OR2XL          1  0.4    18    52   11937    (-,-) 
  u_ibex_core/u_masked/ex_block_i/alu_i/add_105_53_g2069/cmo_xor0/Y                            (p)     B->Y  R     XOR2XL         3  0.9    28    69   12005    (-,-) 
  u_ibex_core/u_masked/ex_block_i/alu_i/add_105_53_g2068/cmo_and0/Y                            (p)     A->Y  R     AND2XL         1  0.2    12    62   12067    (-,-) 
  u_ibex_core/u_masked/ex_block_i/alu_i/add_105_53_g2068/cmo_xor0/Y                            (p)     A->Y  F     XOR2XL         2  0.4    19    93   12160    (-,-) 
  u_ibex_core/u_masked/ex_block_i/alu_i/add_105_53_g2066/cmo_or1/Y                             (p)     B->Y  F     OR2XL          1  0.2    13    49   12209    (-,-) 
  u_ibex_core/u_masked/ex_block_i/alu_i/add_105_53_g2066/cmo_xor1/Y                            (p)     A->Y  R     XOR2XL         3  0.9    28   101   12310    (-,-) 
  u_ibex_core/u_masked/ex_block_i/alu_i/add_105_53_g2065/cmo_and1/Y                            (p)     A->Y  R     AND2XL         1  0.2    12    62   12371    (-,-) 
  u_ibex_core/u_masked/ex_block_i/alu_i/add_105_53_g2065/cmo_xor1/Y                            (p)     A->Y  F     XOR2XL         2  0.4    19    93   12464    (-,-) 
  u_ibex_core/u_masked/ex_block_i/alu_i/add_105_53_g2063/cmo_or0/Y                             (p)     B->Y  F     OR2XL          1  0.4    18    52   12516    (-,-) 
  u_ibex_core/u_masked/ex_block_i/alu_i/add_105_53_g2063/cmo_xor0/Y                            (p)     B->Y  R     XOR2XL         3  0.9    28    69   12585    (-,-) 
  u_ibex_core/u_masked/ex_block_i/alu_i/add_105_53_g2061/cmo_xor0/Y                            (p)     B->Y  R     CLKXOR2X1     17  3.4    53    98   12683    (-,-) 
  u_ibex_core/u_masked/ex_block_i/alu_i/g7342/cmo_and0/Y                                       (p)     B->Y  R     AND2XL         1  0.2    12    65   12748    (-,-) 
  u_ibex_core/u_masked/ex_block_i/alu_i/g7342/cmo_xor0/Y                                       (p)     A->Y  F     XOR2XL         2  0.4    19    93   12841    (-,-) 
  u_ibex_core/u_masked/ex_block_i/alu_i/g7341/cmo_and0/Y                                       (p)     B->Y  F     AND2XL         1  0.2    13    34   12874    (-,-) 
  u_ibex_core/u_masked/ex_block_i/alu_i/g7341/cmo_xor0/Y                                       (p)     A->Y  R     XOR2XL         2  0.4    17    94   12969    (-,-) 
  u_ibex_core/u_masked/ex_block_i/alu_i/g7340/cmo_and0/Y                                       (p)     B->Y  R     AND2XL         1  0.2    12    53   13021    (-,-) 
  u_ibex_core/u_masked/ex_block_i/alu_i/g7340/cmo_xor0/Y                                       (p)     A->Y  F     XOR2XL         2  0.4    19    93   13114    (-,-) 
  u_ibex_core/u_masked/ex_block_i/alu_i/g7339/cmo_and0/Y                                       (p)     B->Y  F     AND2XL         1  0.2    13    34   13148    (-,-) 
  u_ibex_core/u_masked/ex_block_i/alu_i/g7339/cmo_xor0/Y                                       (p)     A->Y  R     XOR2XL         2  0.4    17    94   13242    (-,-) 
  u_ibex_core/u_masked/ex_block_i/alu_i/g7338/cmo_and0/Y                                       (p)     B->Y  R     AND2XL         1  0.2    12    53   13295    (-,-) 
  u_ibex_core/u_masked/ex_block_i/alu_i/g7338/cmo_xor0/Y                                       (p)     A->Y  F     XOR2XL         2  0.4    19    93   13388    (-,-) 
  u_ibex_core/u_masked/ex_block_i/alu_i/g7337/cmo_and0/Y                                       (p)     B->Y  F     AND2XL         1  0.2    13    34   13422    (-,-) 
  u_ibex_core/u_masked/ex_block_i/alu_i/g7337/cmo_xor0/Y                                       (p)     A->Y  R     XOR2XL         2  0.4    17    94   13516    (-,-) 
  u_ibex_core/u_masked/ex_block_i/alu_i/g7336/cmo_and0/Y                                       (p)     B->Y  R     AND2XL         1  0.2    12    53   13568    (-,-) 
  u_ibex_core/u_masked/ex_block_i/alu_i/g7336/cmo_xor0/Y                                       (p)     A->Y  F     XOR2XL         2  0.4    19    93   13662    (-,-) 
  u_ibex_core/u_masked/ex_block_i/alu_i/g7335/cmo_or1/Y                                        (p)     B->Y  F     OR2XL          1  0.2    13    49   13711    (-,-) 
  u_ibex_core/u_masked/ex_block_i/alu_i/g7335/cmo_xor1/Y                                       (p)     A->Y  R     XOR2XL         3  0.6    21    97   13807    (-,-) 
  u_ibex_core/u_masked/ex_block_i/alu_i/g7334/cmo_buf0/Y                                       (p)     A->Y  R     BUFX2          8  1.6    19    53   13860    (-,-) 
  u_ibex_core/u_masked/ex_block_i/alu_i/g7332/cmo_and1/Y                                       (p)     A->Y  R     AND2XL         1  0.2    12    58   13918    (-,-) 
  u_ibex_core/u_masked/ex_block_i/alu_i/g7332/cmo_xor1/Y                                       (p)     A->Y  F     XOR2XL         2  0.4    19    93   14011    (-,-) 
  u_ibex_core/u_masked/ex_block_i/alu_i/g7331/cmo_or0/Y                                        (p)     B->Y  F     OR2XL          1  0.4    18    52   14064    (-,-) 
  u_ibex_core/u_masked/ex_block_i/alu_i/g7331/cmo_xor0/Y                                       (p)     B->Y  R     XOR2XL         2  0.4    17    62   14126    (-,-) 
  u_ibex_core/u_masked/ex_block_i/alu_i/g7330/cmo_and0/Y                                       (p)     B->Y  R     AND2XL         1  0.2    12    53   14178    (-,-) 
  u_ibex_core/u_masked/ex_block_i/alu_i/g7330/cmo_xor0/Y                                       (p)     A->Y  F     XOR2XL         4  0.8    30    99   14277    (-,-) 
  u_ibex_core/u_masked/id_stage_i/g3058/cmo_and0/Y                                             (p)     A->Y  F     AND2XL         1  0.2    13    40   14318    (-,-) 
  u_ibex_core/u_masked/id_stage_i/g3058/cmo_xor0/Y                                             (p)     A->Y  R     XOR2XL         4  0.8    26    99   14417    (-,-) 
  u_ibex_core/u_masked/id_stage_i/g3052/cmo_and0/Y                                             (p)     B->Y  R     AND2XL         1  0.2    12    56   14473    (-,-) 
  u_ibex_core/u_masked/id_stage_i/g3052/cmo_xor0/Y                                             (p)     A->Y  F     XOR2XL         4  0.8    30    99   14572    (-,-) 
  u_ibex_core/u_masked/id_stage_i/g3046/cmo_and0/Y                                             (p)     A->Y  F     AND2XL         1  0.2    13    40   14612    (-,-) 
  u_ibex_core/u_masked/id_stage_i/g3046/cmo_xor0/Y                                             (p)     A->Y  R     XOR2XL         2  0.4    17    94   14706    (-,-) 
  u_ibex_core/u_masked/id_stage_i/g3034/cmo_and0/Y                                             (p)     B->Y  R     AND2XL         1  0.2    12    53   14759    (-,-) 
  u_ibex_core/u_masked/id_stage_i/g3034/cmo_xor0/Y                                             (p)     A->Y  F     CLKXOR2X1      8  1.6    33   109   14868    (-,-) 
  u_ibex_core/u_masked/id_stage_i/g3033/cmo_or1/Y                                              (p)     B->Y  F     OR2XL          1  0.2    13    53   14921    (-,-) 
  u_ibex_core/u_masked/id_stage_i/g3033/cmo_xor1/Y                                             (p)     A->Y  R     XOR2XL         3  0.6    21    97   15018    (-,-) 
  u_ibex_core/u_masked/id_stage_i/g2942/cmo_buf0/Y                                             (p)     A->Y  R     BUFX2          2  0.4    11    48   15066    (-,-) 
  u_ibex_core/u_masked/wb_stage_i/g728/cmo_and1/Y                                              (p)     A->Y  R     AND2XL         1  0.2    12    56   15122    (-,-) 
  u_ibex_core/u_masked/wb_stage_i/g728/cmo_xor1/Y                                              (p)     A->Y  F     XOR2XL         2  0.4    19    93   15215    (-,-) 
  u_ibex_core/u_masked/wb_stage_i/g695/cmo_and1/Y                                              (p)     A->Y  F     AND2XL         1  0.2    13    37   15252    (-,-) 
  u_ibex_core/u_masked/wb_stage_i/g695/cmo_xor1/Y                                              (p)     A->Y  R     XOR2XL         2  0.4    17    94   15346    (-,-) 
  u_ibex_core/u_masked/cs_registers_i/g14377/cmo_and1/Y                                        (p)     A->Y  R     AND2XL         1  0.2    12    58   15404    (-,-) 
  u_ibex_core/u_masked/cs_registers_i/g14377/cmo_xor1/Y                                        (p)     A->Y  F     XOR2XL         3  0.8    30    99   15503    (-,-) 
  u_ibex_core/u_masked/cs_registers_i/minstret_counter_i/inc_ADD_UNS_OP_g1318__5107/cmo_and1/Y (p)     A->Y  F     AND2XL         1  0.2    13    40   15544    (-,-) 
  u_ibex_core/u_masked/cs_registers_i/minstret_counter_i/inc_ADD_UNS_OP_g1318__5107/cmo_xor1/Y (p)     A->Y  R     XOR2XL         3  0.9    28   100   15644    (-,-) 
  u_ibex_core/u_masked/cs_registers_i/minstret_counter_i/inc_ADD_UNS_OP_g1316__5477/cmo_and1/Y (p)     A->Y  R     AND2XL         1  0.2    12    62   15706    (-,-) 
  u_ibex_core/u_masked/cs_registers_i/minstret_counter_i/inc_ADD_UNS_OP_g1316__5477/cmo_xor1/Y (p)     A->Y  F     XOR2XL         3  0.8    30    99   15804    (-,-) 
  u_ibex_core/u_masked/cs_registers_i/minstret_counter_i/inc_ADD_UNS_OP_g1314__7410/cmo_and1/Y (p)     A->Y  F     AND2XL         1  0.2    13    40   15845    (-,-) 
  u_ibex_core/u_masked/cs_registers_i/minstret_counter_i/inc_ADD_UNS_OP_g1314__7410/cmo_xor1/Y (p)     A->Y  R     XOR2XL         3  0.9    28   100   15945    (-,-) 
  u_ibex_core/u_masked/cs_registers_i/minstret_counter_i/inc_ADD_UNS_OP_g1312__2346/cmo_and1/Y (p)     A->Y  R     AND2XL         1  0.2    12    62   16007    (-,-) 
  u_ibex_core/u_masked/cs_registers_i/minstret_counter_i/inc_ADD_UNS_OP_g1312__2346/cmo_xor1/Y (p)     A->Y  F     XOR2XL         3  0.8    30    99   16106    (-,-) 
  u_ibex_core/u_masked/cs_registers_i/minstret_counter_i/inc_ADD_UNS_OP_g1310__9945/cmo_and1/Y (p)     A->Y  F     AND2XL         1  0.2    13    40   16146    (-,-) 
  u_ibex_core/u_masked/cs_registers_i/minstret_counter_i/inc_ADD_UNS_OP_g1310__9945/cmo_xor1/Y (p)     A->Y  R     XOR2XL         3  0.9    28   100   16247    (-,-) 
  u_ibex_core/u_masked/cs_registers_i/minstret_counter_i/inc_ADD_UNS_OP_g1308__6161/cmo_and1/Y (p)     A->Y  R     AND2XL         1  0.2    12    62   16309    (-,-) 
  u_ibex_core/u_masked/cs_registers_i/minstret_counter_i/inc_ADD_UNS_OP_g1308__6161/cmo_xor1/Y (p)     A->Y  F     XOR2XL         3  0.8    30    99   16408    (-,-) 
  u_ibex_core/u_masked/cs_registers_i/minstret_counter_i/inc_ADD_UNS_OP_g1306__7482/cmo_and1/Y (p)     A->Y  F     AND2XL         1  0.2    13    40   16448    (-,-) 
  u_ibex_core/u_masked/cs_registers_i/minstret_counter_i/inc_ADD_UNS_OP_g1306__7482/cmo_xor1/Y (p)     A->Y  R     XOR2XL         3  0.9    28   100   16548    (-,-) 
  u_ibex_core/u_masked/cs_registers_i/minstret_counter_i/inc_ADD_UNS_OP_g1304__1881/cmo_and1/Y (p)     A->Y  R     AND2XL         1  0.2    12    62   16610    (-,-) 
  u_ibex_core/u_masked/cs_registers_i/minstret_counter_i/inc_ADD_UNS_OP_g1304__1881/cmo_xor1/Y (p)     A->Y  F     XOR2XL         3  0.8    30    99   16709    (-,-) 
  u_ibex_core/u_masked/cs_registers_i/minstret_counter_i/inc_ADD_UNS_OP_g1302__7098/cmo_and1/Y (p)     A->Y  F     AND2XL         1  0.2    13    40   16750    (-,-) 
  u_ibex_core/u_masked/cs_registers_i/minstret_counter_i/inc_ADD_UNS_OP_g1302__7098/cmo_xor1/Y (p)     A->Y  R     XOR2XL         3  0.9    28   100   16850    (-,-) 
  u_ibex_core/u_masked/cs_registers_i/minstret_counter_i/inc_ADD_UNS_OP_g1300__5122/cmo_and1/Y (p)     A->Y  R     AND2XL         1  0.2    12    62   16912    (-,-) 
  u_ibex_core/u_masked/cs_registers_i/minstret_counter_i/inc_ADD_UNS_OP_g1300__5122/cmo_xor1/Y (p)     A->Y  F     XOR2XL         3  0.8    30    99   17010    (-,-) 
  u_ibex_core/u_masked/cs_registers_i/minstret_counter_i/inc_ADD_UNS_OP_g1298__2802/cmo_and1/Y (p)     A->Y  F     AND2XL         1  0.2    13    40   17051    (-,-) 
  u_ibex_core/u_masked/cs_registers_i/minstret_counter_i/inc_ADD_UNS_OP_g1298__2802/cmo_xor1/Y (p)     A->Y  R     XOR2XL         3  0.9    28   100   17151    (-,-) 
  u_ibex_core/u_masked/cs_registers_i/minstret_counter_i/inc_ADD_UNS_OP_g1296__3680/cmo_and1/Y (p)     A->Y  R     AND2XL         1  0.2    12    62   17213    (-,-) 
  u_ibex_core/u_masked/cs_registers_i/minstret_counter_i/inc_ADD_UNS_OP_g1296__3680/cmo_xor1/Y (p)     A->Y  F     XOR2XL         3  0.8    30    99   17312    (-,-) 
  u_ibex_core/u_masked/cs_registers_i/minstret_counter_i/inc_ADD_UNS_OP_g1294__5526/cmo_and1/Y (p)     A->Y  F     AND2XL         1  0.2    13    40   17352    (-,-) 
  u_ibex_core/u_masked/cs_registers_i/minstret_counter_i/inc_ADD_UNS_OP_g1294__5526/cmo_xor1/Y (p)     A->Y  R     XOR2XL         3  0.9    28   100   17453    (-,-) 
  u_ibex_core/u_masked/cs_registers_i/minstret_counter_i/inc_ADD_UNS_OP_g1292__4319/cmo_and1/Y (p)     A->Y  R     AND2XL         1  0.2    12    62   17515    (-,-) 
  u_ibex_core/u_masked/cs_registers_i/minstret_counter_i/inc_ADD_UNS_OP_g1292__4319/cmo_xor1/Y (p)     A->Y  F     XOR2XL         3  0.8    30    99   17614    (-,-) 
  u_ibex_core/u_masked/cs_registers_i/minstret_counter_i/inc_ADD_UNS_OP_g1290__5107/cmo_and1/Y (p)     A->Y  F     AND2XL         1  0.2    13    40   17654    (-,-) 
  u_ibex_core/u_masked/cs_registers_i/minstret_counter_i/inc_ADD_UNS_OP_g1290__5107/cmo_xor1/Y (p)     A->Y  R     XOR2XL         3  0.9    28   100   17754    (-,-) 
  u_ibex_core/u_masked/cs_registers_i/minstret_counter_i/inc_ADD_UNS_OP_g1288__5477/cmo_and1/Y (p)     A->Y  R     AND2XL         1  0.2    12    62   17816    (-,-) 
  u_ibex_core/u_masked/cs_registers_i/minstret_counter_i/inc_ADD_UNS_OP_g1288__5477/cmo_xor1/Y (p)     A->Y  F     XOR2XL         3  0.8    30    99   17915    (-,-) 
  u_ibex_core/u_masked/cs_registers_i/minstret_counter_i/inc_ADD_UNS_OP_g1286__7410/cmo_and1/Y (p)     A->Y  F     AND2XL         1  0.2    13    40   17956    (-,-) 
  u_ibex_core/u_masked/cs_registers_i/minstret_counter_i/inc_ADD_UNS_OP_g1286__7410/cmo_xor1/Y (p)     A->Y  R     XOR2XL         3  0.9    28   100   18056    (-,-) 
  u_ibex_core/u_masked/cs_registers_i/minstret_counter_i/inc_ADD_UNS_OP_g1284__2346/cmo_and1/Y (p)     A->Y  R     AND2XL         1  0.2    12    62   18118    (-,-) 
  u_ibex_core/u_masked/cs_registers_i/minstret_counter_i/inc_ADD_UNS_OP_g1284__2346/cmo_xor1/Y (p)     A->Y  F     XOR2XL         3  0.8    30    99   18216    (-,-) 
  u_ibex_core/u_masked/cs_registers_i/minstret_counter_i/inc_ADD_UNS_OP_g1282__9945/cmo_and1/Y (p)     A->Y  F     AND2XL         1  0.2    13    40   18257    (-,-) 
  u_ibex_core/u_masked/cs_registers_i/minstret_counter_i/inc_ADD_UNS_OP_g1282__9945/cmo_xor1/Y (p)     A->Y  R     XOR2XL         3  0.9    28   100   18357    (-,-) 
  u_ibex_core/u_masked/cs_registers_i/minstret_counter_i/inc_ADD_UNS_OP_g1280__6161/cmo_and1/Y (p)     A->Y  R     AND2XL         1  0.2    12    62   18419    (-,-) 
  u_ibex_core/u_masked/cs_registers_i/minstret_counter_i/inc_ADD_UNS_OP_g1280__6161/cmo_xor1/Y (p)     A->Y  F     XOR2XL         3  0.8    30    99   18518    (-,-) 
  u_ibex_core/u_masked/cs_registers_i/minstret_counter_i/inc_ADD_UNS_OP_g1278__7482/cmo_and1/Y (p)     A->Y  F     AND2XL         1  0.2    13    40   18558    (-,-) 
  u_ibex_core/u_masked/cs_registers_i/minstret_counter_i/inc_ADD_UNS_OP_g1278__7482/cmo_xor1/Y (p)     A->Y  R     XOR2XL         3  0.9    28   100   18659    (-,-) 
  u_ibex_core/u_masked/cs_registers_i/minstret_counter_i/inc_ADD_UNS_OP_g1276__1881/cmo_and1/Y (p)     A->Y  R     AND2XL         1  0.2    12    62   18721    (-,-) 
  u_ibex_core/u_masked/cs_registers_i/minstret_counter_i/inc_ADD_UNS_OP_g1276__1881/cmo_xor1/Y (p)     A->Y  F     XOR2XL         3  0.8    30    99   18820    (-,-) 
  u_ibex_core/u_masked/cs_registers_i/minstret_counter_i/inc_ADD_UNS_OP_g1274__7098/cmo_and1/Y (p)     A->Y  F     AND2XL         1  0.2    13    40   18860    (-,-) 
  u_ibex_core/u_masked/cs_registers_i/minstret_counter_i/inc_ADD_UNS_OP_g1274__7098/cmo_xor1/Y (p)     A->Y  R     XOR2XL         3  0.9    28   100   18960    (-,-) 
  u_ibex_core/u_masked/cs_registers_i/minstret_counter_i/inc_ADD_UNS_OP_g1272__5122/cmo_and1/Y (p)     A->Y  R     AND2XL         1  0.2    12    62   19022    (-,-) 
  u_ibex_core/u_masked/cs_registers_i/minstret_counter_i/inc_ADD_UNS_OP_g1272__5122/cmo_xor1/Y (p)     A->Y  F     XOR2XL         3  0.8    30    99   19121    (-,-) 
  u_ibex_core/u_masked/cs_registers_i/minstret_counter_i/inc_ADD_UNS_OP_g1270__2802/cmo_and1/Y (p)     A->Y  F     AND2XL         1  0.2    13    40   19162    (-,-) 
  u_ibex_core/u_masked/cs_registers_i/minstret_counter_i/inc_ADD_UNS_OP_g1270__2802/cmo_xor1/Y (p)     A->Y  R     XOR2XL         3  0.9    28   100   19262    (-,-) 
  u_ibex_core/u_masked/cs_registers_i/minstret_counter_i/inc_ADD_UNS_OP_g1268__3680/cmo_and1/Y (p)     A->Y  R     AND2XL         1  0.2    12    62   19324    (-,-) 
  u_ibex_core/u_masked/cs_registers_i/minstret_counter_i/inc_ADD_UNS_OP_g1268__3680/cmo_xor1/Y (p)     A->Y  F     XOR2XL         3  0.8    30    99   19422    (-,-) 
  u_ibex_core/u_masked/cs_registers_i/minstret_counter_i/inc_ADD_UNS_OP_g1266__5526/cmo_and1/Y (p)     A->Y  F     AND2XL         1  0.2    13    40   19463    (-,-) 
  u_ibex_core/u_masked/cs_registers_i/minstret_counter_i/inc_ADD_UNS_OP_g1266__5526/cmo_xor1/Y (p)     A->Y  R     XOR2XL         3  0.9    28   100   19563    (-,-) 
  u_ibex_core/u_masked/cs_registers_i/minstret_counter_i/inc_ADD_UNS_OP_g1264__4319/cmo_and1/Y (p)     A->Y  R     AND2XL         1  0.2    12    62   19625    (-,-) 
  u_ibex_core/u_masked/cs_registers_i/minstret_counter_i/inc_ADD_UNS_OP_g1264__4319/cmo_xor1/Y (p)     A->Y  F     XOR2XL         3  0.8    30    99   19724    (-,-) 
  u_ibex_core/u_masked/cs_registers_i/minstret_counter_i/inc_ADD_UNS_OP_g1262__5107/cmo_and1/Y (p)     A->Y  F     AND2XL         1  0.2    13    40   19764    (-,-) 
  u_ibex_core/u_masked/cs_registers_i/minstret_counter_i/inc_ADD_UNS_OP_g1262__5107/cmo_xor1/Y (p)     A->Y  R     XOR2XL         3  0.9    28   100   19865    (-,-) 
  u_ibex_core/u_masked/cs_registers_i/minstret_counter_i/inc_ADD_UNS_OP_g1260__5477/cmo_and1/Y (p)     A->Y  R     AND2XL         1  0.2    12    62   19927    (-,-) 
  u_ibex_core/u_masked/cs_registers_i/minstret_counter_i/inc_ADD_UNS_OP_g1260__5477/cmo_xor1/Y (p)     A->Y  F     XOR2XL         3  0.8    30    99   20026    (-,-) 
  u_ibex_core/u_masked/cs_registers_i/minstret_counter_i/inc_ADD_UNS_OP_g1258__7410/cmo_and1/Y (p)     A->Y  F     AND2XL         1  0.2    13    40   20066    (-,-) 
  u_ibex_core/u_masked/cs_registers_i/minstret_counter_i/inc_ADD_UNS_OP_g1258__7410/cmo_xor1/Y (p)     A->Y  R     XOR2XL         3  0.9    28   100   20166    (-,-) 
  u_ibex_core/u_masked/cs_registers_i/minstret_counter_i/inc_ADD_UNS_OP_g1256__2346/cmo_and1/Y (p)     A->Y  R     AND2XL         1  0.2    12    62   20228    (-,-) 
  u_ibex_core/u_masked/cs_registers_i/minstret_counter_i/inc_ADD_UNS_OP_g1256__2346/cmo_xor1/Y (p)     A->Y  F     XOR2XL         3  0.8    30    99   20327    (-,-) 
  u_ibex_core/u_masked/cs_registers_i/minstret_counter_i/inc_ADD_UNS_OP_g1254__9945/cmo_and1/Y (p)     A->Y  F     AND2XL         1  0.2    13    40   20368    (-,-) 
  u_ibex_core/u_masked/cs_registers_i/minstret_counter_i/inc_ADD_UNS_OP_g1254__9945/cmo_xor1/Y (p)     A->Y  R     XOR2XL         3  0.9    28   100   20468    (-,-) 
  u_ibex_core/u_masked/cs_registers_i/minstret_counter_i/inc_ADD_UNS_OP_g1252__6161/cmo_and1/Y (p)     A->Y  R     AND2XL         1  0.2    12    62   20530    (-,-) 
  u_ibex_core/u_masked/cs_registers_i/minstret_counter_i/inc_ADD_UNS_OP_g1252__6161/cmo_xor1/Y (p)     A->Y  F     XOR2XL         3  0.8    30    99   20628    (-,-) 
  u_ibex_core/u_masked/cs_registers_i/minstret_counter_i/inc_ADD_UNS_OP_g1250__7482/cmo_and1/Y (p)     A->Y  F     AND2XL         1  0.2    13    40   20669    (-,-) 
  u_ibex_core/u_masked/cs_registers_i/minstret_counter_i/inc_ADD_UNS_OP_g1250__7482/cmo_xor1/Y (p)     A->Y  R     XOR2XL         3  0.9    28   100   20769    (-,-) 
  u_ibex_core/u_masked/cs_registers_i/minstret_counter_i/inc_ADD_UNS_OP_g1248__1881/cmo_and1/Y (p)     A->Y  R     AND2XL         1  0.2    12    62   20831    (-,-) 
  u_ibex_core/u_masked/cs_registers_i/minstret_counter_i/inc_ADD_UNS_OP_g1248__1881/cmo_xor1/Y (p)     A->Y  F     XOR2XL         3  0.8    30    99   20930    (-,-) 
  u_ibex_core/u_masked/cs_registers_i/minstret_counter_i/inc_ADD_UNS_OP_g1246__7098/cmo_and1/Y (p)     A->Y  F     AND2XL         1  0.2    13    40   20970    (-,-) 
  u_ibex_core/u_masked/cs_registers_i/minstret_counter_i/inc_ADD_UNS_OP_g1246__7098/cmo_xor1/Y (p)     A->Y  R     XOR2XL         3  0.9    28   100   21071    (-,-) 
  u_ibex_core/u_masked/cs_registers_i/minstret_counter_i/inc_ADD_UNS_OP_g1244__5122/cmo_and1/Y (p)     A->Y  R     AND2XL         1  0.2    12    62   21133    (-,-) 
  u_ibex_core/u_masked/cs_registers_i/minstret_counter_i/inc_ADD_UNS_OP_g1244__5122/cmo_xor1/Y (p)     A->Y  F     XOR2XL         3  0.8    30    99   21232    (-,-) 
  u_ibex_core/u_masked/cs_registers_i/minstret_counter_i/inc_ADD_UNS_OP_g1242__2802/cmo_and1/Y (p)     A->Y  F     AND2XL         1  0.2    13    40   21272    (-,-) 
  u_ibex_core/u_masked/cs_registers_i/minstret_counter_i/inc_ADD_UNS_OP_g1242__2802/cmo_xor1/Y (p)     A->Y  R     XOR2XL         3  0.9    28   100   21372    (-,-) 
  u_ibex_core/u_masked/cs_registers_i/minstret_counter_i/inc_ADD_UNS_OP_g1240__3680/cmo_and1/Y (p)     A->Y  R     AND2XL         1  0.2    12    62   21434    (-,-) 
  u_ibex_core/u_masked/cs_registers_i/minstret_counter_i/inc_ADD_UNS_OP_g1240__3680/cmo_xor1/Y (p)     A->Y  F     XOR2XL         3  0.8    30    99   21533    (-,-) 
  u_ibex_core/u_masked/cs_registers_i/minstret_counter_i/inc_ADD_UNS_OP_g1238__5526/cmo_and1/Y (p)     A->Y  F     AND2XL         1  0.2    13    40   21574    (-,-) 
  u_ibex_core/u_masked/cs_registers_i/minstret_counter_i/inc_ADD_UNS_OP_g1238__5526/cmo_xor1/Y (p)     A->Y  R     XOR2XL         3  0.9    28   100   21674    (-,-) 
  u_ibex_core/u_masked/cs_registers_i/minstret_counter_i/inc_ADD_UNS_OP_g1236__4319/cmo_and1/Y (p)     A->Y  R     AND2XL         1  0.2    12    62   21736    (-,-) 
  u_ibex_core/u_masked/cs_registers_i/minstret_counter_i/inc_ADD_UNS_OP_g1236__4319/cmo_xor1/Y (p)     A->Y  F     XOR2XL         3  0.8    30    99   21834    (-,-) 
  u_ibex_core/u_masked/cs_registers_i/minstret_counter_i/inc_ADD_UNS_OP_g1234__5107/cmo_and1/Y (p)     A->Y  F     AND2XL         1  0.2    13    40   21875    (-,-) 
  u_ibex_core/u_masked/cs_registers_i/minstret_counter_i/inc_ADD_UNS_OP_g1234__5107/cmo_xor1/Y (p)     A->Y  R     XOR2XL         3  0.9    28   100   21975    (-,-) 
  u_ibex_core/u_masked/cs_registers_i/minstret_counter_i/inc_ADD_UNS_OP_g1232__5477/cmo_and1/Y (p)     A->Y  R     AND2XL         1  0.2    12    62   22037    (-,-) 
  u_ibex_core/u_masked/cs_registers_i/minstret_counter_i/inc_ADD_UNS_OP_g1232__5477/cmo_xor1/Y (p)     A->Y  F     XOR2XL         3  0.8    30    99   22136    (-,-) 
  u_ibex_core/u_masked/cs_registers_i/minstret_counter_i/inc_ADD_UNS_OP_g1230__7410/cmo_and1/Y (p)     A->Y  F     AND2XL         1  0.2    13    40   22176    (-,-) 
  u_ibex_core/u_masked/cs_registers_i/minstret_counter_i/inc_ADD_UNS_OP_g1230__7410/cmo_xor1/Y (p)     A->Y  R     XOR2XL         3  0.9    28   100   22277    (-,-) 
  u_ibex_core/u_masked/cs_registers_i/minstret_counter_i/inc_ADD_UNS_OP_g1228__2346/cmo_and1/Y (p)     A->Y  R     AND2XL         1  0.2    12    62   22339    (-,-) 
  u_ibex_core/u_masked/cs_registers_i/minstret_counter_i/inc_ADD_UNS_OP_g1228__2346/cmo_xor1/Y (p)     A->Y  F     XOR2XL         3  0.8    30    99   22438    (-,-) 
  u_ibex_core/u_masked/cs_registers_i/minstret_counter_i/inc_ADD_UNS_OP_g1226__9945/cmo_and1/Y (p)     A->Y  F     AND2XL         1  0.2    13    40   22478    (-,-) 
  u_ibex_core/u_masked/cs_registers_i/minstret_counter_i/inc_ADD_UNS_OP_g1226__9945/cmo_xor1/Y (p)     A->Y  R     XOR2XL         3  0.9    28   100   22578    (-,-) 
  u_ibex_core/u_masked/cs_registers_i/minstret_counter_i/inc_ADD_UNS_OP_g1224__6161/cmo_and1/Y (p)     A->Y  R     AND2XL         1  0.2    12    62   22640    (-,-) 
  u_ibex_core/u_masked/cs_registers_i/minstret_counter_i/inc_ADD_UNS_OP_g1224__6161/cmo_xor1/Y (p)     A->Y  F     XOR2XL         3  0.8    30    99   22739    (-,-) 
  u_ibex_core/u_masked/cs_registers_i/minstret_counter_i/inc_ADD_UNS_OP_g1222__7482/cmo_and1/Y (p)     A->Y  F     AND2XL         1  0.2    13    40   22780    (-,-) 
  u_ibex_core/u_masked/cs_registers_i/minstret_counter_i/inc_ADD_UNS_OP_g1222__7482/cmo_xor1/Y (p)     A->Y  R     XOR2XL         3  0.9    28   100   22880    (-,-) 
  u_ibex_core/u_masked/cs_registers_i/minstret_counter_i/inc_ADD_UNS_OP_g1220__1881/cmo_and1/Y (p)     A->Y  R     AND2XL         1  0.2    12    62   22942    (-,-) 
  u_ibex_core/u_masked/cs_registers_i/minstret_counter_i/inc_ADD_UNS_OP_g1220__1881/cmo_xor1/Y (p)     A->Y  F     XOR2XL         3  0.8    30    99   23040    (-,-) 
  u_ibex_core/u_masked/cs_registers_i/minstret_counter_i/inc_ADD_UNS_OP_g1218__7098/cmo_and1/Y (p)     A->Y  F     AND2XL         1  0.2    13    40   23081    (-,-) 
  u_ibex_core/u_masked/cs_registers_i/minstret_counter_i/inc_ADD_UNS_OP_g1218__7098/cmo_xor1/Y (p)     A->Y  R     XOR2XL         3  0.9    28   100   23181    (-,-) 
  u_ibex_core/u_masked/cs_registers_i/minstret_counter_i/inc_ADD_UNS_OP_g1216__5122/cmo_and1/Y (p)     A->Y  R     AND2XL         1  0.2    12    62   23243    (-,-) 
  u_ibex_core/u_masked/cs_registers_i/minstret_counter_i/inc_ADD_UNS_OP_g1216__5122/cmo_xor1/Y (p)     A->Y  F     XOR2XL         3  0.8    30    99   23342    (-,-) 
  u_ibex_core/u_masked/cs_registers_i/minstret_counter_i/inc_ADD_UNS_OP_g1214__2802/cmo_and1/Y (p)     A->Y  F     AND2XL         1  0.2    13    40   23382    (-,-) 
  u_ibex_core/u_masked/cs_registers_i/minstret_counter_i/inc_ADD_UNS_OP_g1214__2802/cmo_xor1/Y (p)     A->Y  R     XOR2XL         3  0.9    28   100   23483    (-,-) 
  u_ibex_core/u_masked/cs_registers_i/minstret_counter_i/inc_ADD_UNS_OP_g1212__3680/cmo_and1/Y (p)     A->Y  R     AND2XL         1  0.2    12    62   23545    (-,-) 
  u_ibex_core/u_masked/cs_registers_i/minstret_counter_i/inc_ADD_UNS_OP_g1212__3680/cmo_xor1/Y (p)     A->Y  F     XOR2XL         3  0.8    30    99   23644    (-,-) 
  u_ibex_core/u_masked/cs_registers_i/minstret_counter_i/inc_ADD_UNS_OP_g1210__5526/cmo_and1/Y (p)     A->Y  F     AND2XL         1  0.2    13    40   23684    (-,-) 
  u_ibex_core/u_masked/cs_registers_i/minstret_counter_i/inc_ADD_UNS_OP_g1210__5526/cmo_xor1/Y (p)     A->Y  R     XOR2XL         3  0.9    28   100   23784    (-,-) 
  u_ibex_core/u_masked/cs_registers_i/minstret_counter_i/inc_ADD_UNS_OP_g1208__4319/cmo_and1/Y (p)     A->Y  R     AND2XL         1  0.2    12    62   23846    (-,-) 
  u_ibex_core/u_masked/cs_registers_i/minstret_counter_i/inc_ADD_UNS_OP_g1208__4319/cmo_xor1/Y (p)     A->Y  F     XOR2XL         3  0.8    30    99   23945    (-,-) 
  u_ibex_core/u_masked/cs_registers_i/minstret_counter_i/inc_ADD_UNS_OP_g1206__5107/cmo_and1/Y (p)     A->Y  F     AND2XL         1  0.2    13    40   23986    (-,-) 
  u_ibex_core/u_masked/cs_registers_i/minstret_counter_i/inc_ADD_UNS_OP_g1206__5107/cmo_xor1/Y (p)     A->Y  R     XOR2XL         3  0.9    28   100   24086    (-,-) 
  u_ibex_core/u_masked/cs_registers_i/minstret_counter_i/inc_ADD_UNS_OP_g1204__5477/cmo_and1/Y (p)     A->Y  R     AND2XL         1  0.2    12    62   24148    (-,-) 
  u_ibex_core/u_masked/cs_registers_i/minstret_counter_i/inc_ADD_UNS_OP_g1204__5477/cmo_xor1/Y (p)     A->Y  F     XOR2XL         3  0.8    30    99   24246    (-,-) 
  u_ibex_core/u_masked/cs_registers_i/minstret_counter_i/inc_ADD_UNS_OP_g1202__7410/cmo_and1/Y (p)     A->Y  F     AND2XL         1  0.2    13    40   24287    (-,-) 
  u_ibex_core/u_masked/cs_registers_i/minstret_counter_i/inc_ADD_UNS_OP_g1202__7410/cmo_xor1/Y (p)     A->Y  R     XOR2XL         3  0.9    28   100   24387    (-,-) 
  u_ibex_core/u_masked/cs_registers_i/minstret_counter_i/inc_ADD_UNS_OP_g1200__2346/cmo_and1/Y (p)     A->Y  R     AND2XL         1  0.2    12    62   24449    (-,-) 
  u_ibex_core/u_masked/cs_registers_i/minstret_counter_i/inc_ADD_UNS_OP_g1200__2346/cmo_xor1/Y (p)     A->Y  F     XOR2XL         3  0.8    30    99   24548    (-,-) 
  u_ibex_core/u_masked/cs_registers_i/minstret_counter_i/inc_ADD_UNS_OP_g1198__9945/cmo_and1/Y (p)     A->Y  F     AND2XL         1  0.2    13    40   24588    (-,-) 
  u_ibex_core/u_masked/cs_registers_i/minstret_counter_i/inc_ADD_UNS_OP_g1198__9945/cmo_xor1/Y (p)     A->Y  R     XOR2XL         3  0.9    28   100   24689    (-,-) 
  u_ibex_core/u_masked/cs_registers_i/minstret_counter_i/inc_ADD_UNS_OP_g1196__6161/cmo_and1/Y (p)     A->Y  R     AND2XL         1  0.2    12    62   24751    (-,-) 
  u_ibex_core/u_masked/cs_registers_i/minstret_counter_i/inc_ADD_UNS_OP_g1196__6161/cmo_xor1/Y (p)     A->Y  F     XOR2XL         3  0.8    30    99   24850    (-,-) 
  u_ibex_core/u_masked/cs_registers_i/minstret_counter_i/inc_ADD_UNS_OP_g1194__7482/cmo_and1/Y (p)     A->Y  F     AND2XL         1  0.2    13    40   24890    (-,-) 
  u_ibex_core/u_masked/cs_registers_i/minstret_counter_i/inc_ADD_UNS_OP_g1194__7482/cmo_xor1/Y (p)     A->Y  R     XOR2XL         1  0.5    19    95   24985    (-,-) 
  u_ibex_core/u_masked/cs_registers_i/minstret_counter_i/inc_ADD_UNS_OP_g1192__1881/cmo_xor1/Y (p)     B->Y  R     XOR2XL         2  0.4    17    65   25050    (-,-) 
  u_ibex_core/u_masked/cs_registers_i/minstret_counter_i/g2991__2398/cmo_and1/Y                (p)     A->Y  R     AND2XL         1  0.2    12    58   25108    (-,-) 
  u_ibex_core/u_masked/cs_registers_i/minstret_counter_i/g2991__2398/cmo_xor1/Y                (p)     A->Y  F     XOR2XL         2  0.4    19    93   25201    (-,-) 
  u_ibex_core/u_masked/cs_registers_i/minstret_counter_i/g2868__7482/cmo_or0/Y                 (p)     B->Y  F     OR2XL          1  0.4    18    52   25253    (-,-) 
  u_ibex_core/u_masked/cs_registers_i/minstret_counter_i/g2868__7482/cmo_xor0/Y                (p)     B->Y  R     XOR2XL         2  0.4    17    62   25316    (-,-) 
  u_ibex_core/u_masked/cs_registers_i/minstret_counter_i/g2804__2802/cmo_and0/Y                (p)     B->Y  R     AND2XL         1  0.2    12    53   25368    (-,-) 
  u_ibex_core/u_masked/cs_registers_i/minstret_counter_i/g2804__2802/cmo_xor0/Y                (p)     A->Y  F     XOR2XL         1  0.2    14    90   25458    (-,-) 
  u_ibex_core/u_masked/cs_registers_i/minstret_counter_i/counter_q_reg[63]/cmo_r0/Y            (p)     A->Y  R     XOR2XL         1  0.3    15    93   25551    (-,-) 
  u_ibex_core/u_masked/cs_registers_i/minstret_counter_i/counter_q_reg[63]/cmo_flop0/D         <<< (p) -     R     DFFRHQX1       1    -     -     0   25551    (-,-) 
#---------------------------------------------------------------------------------------------------------------------------------------------------------------------

(p) : Instance is preserved but may be resized

